23:21:00,14 root INFO MeanPoolingLinear(
  (hidden_layers): Sequential(
    (0): Linear(in_features=768, out_features=256, bias=True)
  )
  (pooling): MeanPooling()
  (final_proj): Linear(in_features=256, out_features=4, bias=True)
)
23:21:00,16 root INFO Built a model with 0.20M Params
23:21:00,20 root INFO Start to run five fold 1/5
23:21:00,20 root INFO Model initialized
23:21:00,25 root INFO Start to train epoch 0
23:29:07,712 root INFO [Epoch 0, Batch=99] Train: loss=0.3449, lr=0.002
23:29:13,558 root INFO [Epoch 0, Batch=199] Train: loss=0.2568, lr=0.002
23:29:23,147 root INFO [Epoch 0, Batch=299] Train: loss=0.4049, lr=0.002
23:29:27,827 root INFO [Epoch 0, Batch=399] Train: loss=0.3853, lr=0.002
23:29:55,695 root INFO [Epoch 0, Batch=499] Train: loss=0.1121, lr=0.002
23:30:02,153 root INFO [Epoch 0, Batch=599] Train: loss=0.2834, lr=0.002
23:30:08,258 root INFO [Epoch 0, Batch=699] Train: loss=0.2626, lr=0.002
23:30:13,199 root INFO [Epoch 0, Batch=799] Train: loss=0.1121, lr=0.002
23:30:17,636 root INFO Start to validate epoch 0
23:30:28,807 root INFO Start to test epoch 0
23:30:45,41 root INFO Epoch 00, lr=0.002 | Train: acc=0.5860 | Val: acc=0.5617 | Test: acc=0.6287 | Time: this epoch 585.02s, elapsed 585.02s
23:30:45,594 root INFO [info] Save model after epoch 0

23:30:45,594 root INFO Start to train epoch 1
23:30:46,849 root INFO [Epoch 1, Batch=99] Train: loss=0.2588, lr=0.002
23:30:47,341 root INFO [Epoch 1, Batch=199] Train: loss=0.1814, lr=0.002
23:30:47,772 root INFO [Epoch 1, Batch=299] Train: loss=0.3918, lr=0.002
23:30:48,100 root INFO [Epoch 1, Batch=399] Train: loss=0.3019, lr=0.002
23:30:48,454 root INFO [Epoch 1, Batch=499] Train: loss=0.1448, lr=0.002
23:30:48,704 root INFO [Epoch 1, Batch=599] Train: loss=0.3007, lr=0.002
23:30:48,915 root INFO [Epoch 1, Batch=699] Train: loss=0.1879, lr=0.002
23:30:49,123 root INFO [Epoch 1, Batch=799] Train: loss=0.0735, lr=0.002
23:30:49,398 root INFO Start to validate epoch 1
23:30:49,996 root INFO Start to test epoch 1
23:30:51,31 root INFO Epoch 01, lr=0.002 | Train: acc=0.6624 | Val: acc=0.6132 | Test: acc=0.6259 | Time: this epoch 5.44s, elapsed 591.01s
23:30:51,40 root INFO [info] Save model after epoch 1

23:30:51,40 root INFO Start to train epoch 2
23:30:51,916 root INFO [Epoch 2, Batch=99] Train: loss=0.1965, lr=0.002
23:30:52,428 root INFO [Epoch 2, Batch=199] Train: loss=0.1931, lr=0.002
23:30:52,825 root INFO [Epoch 2, Batch=299] Train: loss=0.4029, lr=0.002
23:30:53,239 root INFO [Epoch 2, Batch=399] Train: loss=0.2764, lr=0.002
23:30:53,561 root INFO [Epoch 2, Batch=499] Train: loss=0.1417, lr=0.002
23:30:53,822 root INFO [Epoch 2, Batch=599] Train: loss=0.3114, lr=0.002
23:30:54,50 root INFO [Epoch 2, Batch=699] Train: loss=0.1633, lr=0.002
23:30:54,271 root INFO [Epoch 2, Batch=799] Train: loss=0.0665, lr=0.002
23:30:54,490 root INFO Start to validate epoch 2
23:30:55,114 root INFO Start to test epoch 2
23:30:56,184 root INFO Epoch 02, lr=0.002 | Train: acc=0.6904 | Val: acc=0.6278 | Test: acc=0.6682 | Time: this epoch 5.14s, elapsed 596.16s
23:30:56,194 root INFO [info] Save model after epoch 2

23:30:56,194 root INFO Start to train epoch 3
23:30:57,74 root INFO [Epoch 3, Batch=99] Train: loss=0.1639, lr=0.002
23:30:57,595 root INFO [Epoch 3, Batch=199] Train: loss=0.1819, lr=0.002
23:30:58,18 root INFO [Epoch 3, Batch=299] Train: loss=0.3829, lr=0.002
23:30:58,348 root INFO [Epoch 3, Batch=399] Train: loss=0.2761, lr=0.002
23:30:58,653 root INFO [Epoch 3, Batch=499] Train: loss=0.1506, lr=0.002
23:30:58,919 root INFO [Epoch 3, Batch=599] Train: loss=0.3139, lr=0.002
23:30:59,159 root INFO [Epoch 3, Batch=699] Train: loss=0.1541, lr=0.002
23:30:59,375 root INFO [Epoch 3, Batch=799] Train: loss=0.0622, lr=0.002
23:30:59,641 root INFO Start to validate epoch 3
23:31:00,274 root INFO Start to test epoch 3
23:31:01,542 root INFO Epoch 03, lr=0.002 | Train: acc=0.7138 | Val: acc=0.6256 | Test: acc=0.6765 | Time: this epoch 5.35s, elapsed 601.52s
23:31:01,543 root INFO Start to train epoch 4
23:31:02,407 root INFO [Epoch 4, Batch=99] Train: loss=0.1507, lr=0.002
23:31:02,915 root INFO [Epoch 4, Batch=199] Train: loss=0.1669, lr=0.002
23:31:03,313 root INFO [Epoch 4, Batch=299] Train: loss=0.3540, lr=0.002
23:31:03,683 root INFO [Epoch 4, Batch=399] Train: loss=0.2831, lr=0.002
23:31:03,983 root INFO [Epoch 4, Batch=499] Train: loss=0.1568, lr=0.002
23:31:04,262 root INFO [Epoch 4, Batch=599] Train: loss=0.3145, lr=0.002
23:31:04,485 root INFO [Epoch 4, Batch=699] Train: loss=0.1456, lr=0.002
23:31:04,684 root INFO [Epoch 4, Batch=799] Train: loss=0.0554, lr=0.002
23:31:04,901 root INFO Start to validate epoch 4
23:31:05,496 root INFO Start to test epoch 4
23:31:06,591 root INFO Epoch 04, lr=0.002 | Train: acc=0.7334 | Val: acc=0.6334 | Test: acc=0.6765 | Time: this epoch 5.05s, elapsed 606.57s
23:31:06,601 root INFO [info] Save model after epoch 4

23:31:06,601 root INFO Start to train epoch 5
23:31:07,474 root INFO [Epoch 5, Batch=99] Train: loss=0.1441, lr=0.002
23:31:07,987 root INFO [Epoch 5, Batch=199] Train: loss=0.1511, lr=0.002
23:31:08,399 root INFO [Epoch 5, Batch=299] Train: loss=0.3279, lr=0.002
23:31:08,748 root INFO [Epoch 5, Batch=399] Train: loss=0.2890, lr=0.002
23:31:09,618 root INFO [Epoch 5, Batch=499] Train: loss=0.1607, lr=0.002
23:31:09,869 root INFO [Epoch 5, Batch=599] Train: loss=0.3154, lr=0.002
23:31:10,83 root INFO [Epoch 5, Batch=699] Train: loss=0.1337, lr=0.002
23:31:10,283 root INFO [Epoch 5, Batch=799] Train: loss=0.0485, lr=0.002
23:31:10,542 root INFO Start to validate epoch 5
23:31:11,275 root INFO Start to test epoch 5
23:31:12,310 root INFO Epoch 05, lr=0.002 | Train: acc=0.7458 | Val: acc=0.6413 | Test: acc=0.6811 | Time: this epoch 5.71s, elapsed 612.29s
23:31:12,320 root INFO [info] Save model after epoch 5

23:31:12,320 root INFO Start to train epoch 6
23:31:13,333 root INFO [Epoch 6, Batch=99] Train: loss=0.1399, lr=0.002
23:31:14,82 root INFO [Epoch 6, Batch=199] Train: loss=0.1363, lr=0.002
23:31:14,729 root INFO [Epoch 6, Batch=299] Train: loss=0.3046, lr=0.002
23:31:15,210 root INFO [Epoch 6, Batch=399] Train: loss=0.2916, lr=0.002
23:31:15,539 root INFO [Epoch 6, Batch=499] Train: loss=0.1634, lr=0.002
23:31:15,805 root INFO [Epoch 6, Batch=599] Train: loss=0.3190, lr=0.002
23:31:16,24 root INFO [Epoch 6, Batch=699] Train: loss=0.1213, lr=0.002
23:31:16,231 root INFO [Epoch 6, Batch=799] Train: loss=0.0421, lr=0.002
23:31:16,474 root INFO Start to validate epoch 6
23:31:17,65 root INFO Start to test epoch 6
23:31:18,113 root INFO Epoch 06, lr=0.002 | Train: acc=0.7598 | Val: acc=0.6480 | Test: acc=0.6774 | Time: this epoch 5.79s, elapsed 618.09s
23:31:18,122 root INFO [info] Save model after epoch 6

23:31:18,122 root INFO Start to train epoch 7
23:31:19,170 root INFO [Epoch 7, Batch=99] Train: loss=0.1371, lr=0.002
23:31:19,685 root INFO [Epoch 7, Batch=199] Train: loss=0.1240, lr=0.002
23:31:20,87 root INFO [Epoch 7, Batch=299] Train: loss=0.2874, lr=0.002
23:31:20,433 root INFO [Epoch 7, Batch=399] Train: loss=0.2898, lr=0.002
23:31:20,826 root INFO [Epoch 7, Batch=499] Train: loss=0.1648, lr=0.002
23:31:21,67 root INFO [Epoch 7, Batch=599] Train: loss=0.3253, lr=0.002
23:31:21,282 root INFO [Epoch 7, Batch=699] Train: loss=0.1106, lr=0.002
23:31:21,494 root INFO [Epoch 7, Batch=799] Train: loss=0.0372, lr=0.002
23:31:21,717 root INFO Start to validate epoch 7
23:31:22,304 root INFO Start to test epoch 7
23:31:23,350 root INFO Epoch 07, lr=0.002 | Train: acc=0.7711 | Val: acc=0.6435 | Test: acc=0.6719 | Time: this epoch 5.23s, elapsed 623.33s
23:31:23,351 root INFO Start to train epoch 8
23:31:24,219 root INFO [Epoch 8, Batch=99] Train: loss=0.1348, lr=0.002
23:31:24,728 root INFO [Epoch 8, Batch=199] Train: loss=0.1136, lr=0.002
23:31:25,137 root INFO [Epoch 8, Batch=299] Train: loss=0.2756, lr=0.002
23:31:25,480 root INFO [Epoch 8, Batch=399] Train: loss=0.2846, lr=0.002
23:31:25,783 root INFO [Epoch 8, Batch=499] Train: loss=0.1662, lr=0.002
23:31:26,34 root INFO [Epoch 8, Batch=599] Train: loss=0.3337, lr=0.002
23:31:26,268 root INFO [Epoch 8, Batch=699] Train: loss=0.1017, lr=0.002
23:31:26,476 root INFO [Epoch 8, Batch=799] Train: loss=0.0334, lr=0.002
23:31:26,718 root INFO Start to validate epoch 8
23:31:27,341 root INFO Start to test epoch 8
23:31:28,367 root INFO Epoch 08, lr=0.002 | Train: acc=0.7789 | Val: acc=0.6413 | Test: acc=0.6682 | Time: this epoch 5.02s, elapsed 628.35s
23:31:28,368 root INFO Start to train epoch 9
23:31:29,229 root INFO [Epoch 9, Batch=99] Train: loss=0.1323, lr=0.002
23:31:29,739 root INFO [Epoch 9, Batch=199] Train: loss=0.1050, lr=0.002
23:31:30,134 root INFO [Epoch 9, Batch=299] Train: loss=0.2661, lr=0.002
23:31:30,451 root INFO [Epoch 9, Batch=399] Train: loss=0.2755, lr=0.002
23:31:30,741 root INFO [Epoch 9, Batch=499] Train: loss=0.1668, lr=0.002
23:31:30,980 root INFO [Epoch 9, Batch=599] Train: loss=0.3436, lr=0.002
23:31:31,195 root INFO [Epoch 9, Batch=699] Train: loss=0.0940, lr=0.002
23:31:31,394 root INFO [Epoch 9, Batch=799] Train: loss=0.0306, lr=0.002
23:31:31,604 root INFO Start to validate epoch 9
23:31:32,248 root INFO Start to test epoch 9
23:31:33,283 root INFO Epoch 09, lr=0.002 | Train: acc=0.7840 | Val: acc=0.6435 | Test: acc=0.6673 | Time: this epoch 4.92s, elapsed 633.26s
23:31:33,284 root INFO Start to train epoch 10
23:31:34,131 root INFO [Epoch 10, Batch=99] Train: loss=0.1299, lr=0.002
23:31:34,665 root INFO [Epoch 10, Batch=199] Train: loss=0.0982, lr=0.002
23:31:35,59 root INFO [Epoch 10, Batch=299] Train: loss=0.2580, lr=0.002
23:31:35,394 root INFO [Epoch 10, Batch=399] Train: loss=0.2653, lr=0.002
23:31:35,675 root INFO [Epoch 10, Batch=499] Train: loss=0.1670, lr=0.002
23:31:35,924 root INFO [Epoch 10, Batch=599] Train: loss=0.3540, lr=0.002
23:31:36,130 root INFO [Epoch 10, Batch=699] Train: loss=0.0874, lr=0.002
23:31:36,336 root INFO [Epoch 10, Batch=799] Train: loss=0.0289, lr=0.002
23:31:36,554 root INFO Start to validate epoch 10
23:31:37,153 root INFO Start to test epoch 10
23:31:38,160 root INFO Epoch 10, lr=0.002 | Train: acc=0.7899 | Val: acc=0.6379 | Test: acc=0.6664 | Time: this epoch 4.88s, elapsed 638.14s
23:31:38,161 root INFO Start to train epoch 11
23:31:39,20 root INFO [Epoch 11, Batch=99] Train: loss=0.1275, lr=0.002
23:31:39,517 root INFO [Epoch 11, Batch=199] Train: loss=0.0931, lr=0.002
23:31:39,917 root INFO [Epoch 11, Batch=299] Train: loss=0.2506, lr=0.002
23:31:40,250 root INFO [Epoch 11, Batch=399] Train: loss=0.2555, lr=0.002
23:31:40,532 root INFO [Epoch 11, Batch=499] Train: loss=0.1663, lr=0.002
23:31:40,774 root INFO [Epoch 11, Batch=599] Train: loss=0.3640, lr=0.002
23:31:41,5 root INFO [Epoch 11, Batch=699] Train: loss=0.0825, lr=0.002
23:31:41,215 root INFO [Epoch 11, Batch=799] Train: loss=0.0274, lr=0.002
23:31:41,429 root INFO Start to validate epoch 11
23:31:42,21 root INFO Start to test epoch 11
23:31:43,72 root INFO Epoch 11, lr=0.002 | Train: acc=0.7919 | Val: acc=0.6379 | Test: acc=0.6645 | Time: this epoch 4.91s, elapsed 643.05s
23:31:43,73 root INFO Start to train epoch 12
23:31:43,934 root INFO [Epoch 12, Batch=99] Train: loss=0.1254, lr=0.002
23:31:44,457 root INFO [Epoch 12, Batch=199] Train: loss=0.0896, lr=0.002
23:31:44,851 root INFO [Epoch 12, Batch=299] Train: loss=0.2443, lr=0.002
23:31:45,173 root INFO [Epoch 12, Batch=399] Train: loss=0.2461, lr=0.002
23:31:45,464 root INFO [Epoch 12, Batch=499] Train: loss=0.1648, lr=0.002
23:31:45,704 root INFO [Epoch 12, Batch=599] Train: loss=0.3734, lr=0.002
23:31:45,943 root INFO [Epoch 12, Batch=699] Train: loss=0.0788, lr=0.002
23:31:46,153 root INFO [Epoch 12, Batch=799] Train: loss=0.0258, lr=0.002
23:31:46,401 root INFO Start to validate epoch 12
23:31:47,10 root INFO Start to test epoch 12
23:31:48,43 root INFO Epoch 12, lr=0.002 | Train: acc=0.7992 | Val: acc=0.6368 | Test: acc=0.6645 | Time: this epoch 4.97s, elapsed 648.02s
23:31:48,44 root INFO Start to train epoch 13
23:31:48,913 root INFO [Epoch 13, Batch=99] Train: loss=0.1239, lr=0.002
23:31:49,403 root INFO [Epoch 13, Batch=199] Train: loss=0.0877, lr=0.002
23:31:49,790 root INFO [Epoch 13, Batch=299] Train: loss=0.2396, lr=0.002
23:31:50,126 root INFO [Epoch 13, Batch=399] Train: loss=0.2373, lr=0.002
23:31:50,416 root INFO [Epoch 13, Batch=499] Train: loss=0.1620, lr=0.002
23:31:50,655 root INFO [Epoch 13, Batch=599] Train: loss=0.3822, lr=0.002
23:31:50,894 root INFO [Epoch 13, Batch=699] Train: loss=0.0768, lr=0.002
23:31:51,93 root INFO [Epoch 13, Batch=799] Train: loss=0.0236, lr=0.002
23:31:51,310 root INFO Start to validate epoch 13
23:31:51,914 root INFO Start to test epoch 13
23:31:53,45 root INFO Epoch 13, lr=0.002 | Train: acc=0.8037 | Val: acc=0.6323 | Test: acc=0.6719 | Time: this epoch 5.00s, elapsed 653.02s
23:31:53,46 root INFO Start to train epoch 14
23:31:54,219 root INFO [Epoch 14, Batch=99] Train: loss=0.1217, lr=0.002
23:31:54,744 root INFO [Epoch 14, Batch=199] Train: loss=0.0880, lr=0.002
23:31:55,147 root INFO [Epoch 14, Batch=299] Train: loss=0.2370, lr=0.002
23:31:55,486 root INFO [Epoch 14, Batch=399] Train: loss=0.2292, lr=0.002
23:31:55,770 root INFO [Epoch 14, Batch=499] Train: loss=0.1573, lr=0.002
23:31:56,8 root INFO [Epoch 14, Batch=599] Train: loss=0.3901, lr=0.002
23:31:56,227 root INFO [Epoch 14, Batch=699] Train: loss=0.0762, lr=0.002
23:31:56,437 root INFO [Epoch 14, Batch=799] Train: loss=0.0204, lr=0.002
23:31:56,690 root INFO Start to validate epoch 14
23:31:57,310 root INFO Start to test epoch 14
23:31:58,346 root INFO Epoch 14, lr=0.002 | Train: acc=0.8073 | Val: acc=0.6233 | Test: acc=0.6774 | Time: this epoch 5.30s, elapsed 658.33s
23:31:58,347 root INFO Start to train epoch 15
23:31:59,605 root INFO [Epoch 15, Batch=99] Train: loss=0.1167, lr=0.002
23:32:00,102 root INFO [Epoch 15, Batch=199] Train: loss=0.0901, lr=0.002
23:32:00,491 root INFO [Epoch 15, Batch=299] Train: loss=0.2369, lr=0.002
23:32:00,833 root INFO [Epoch 15, Batch=399] Train: loss=0.2229, lr=0.002
23:32:01,144 root INFO [Epoch 15, Batch=499] Train: loss=0.1518, lr=0.002
23:32:01,379 root INFO [Epoch 15, Batch=599] Train: loss=0.3960, lr=0.002
23:32:01,598 root INFO [Epoch 15, Batch=699] Train: loss=0.0763, lr=0.002
23:32:01,809 root INFO [Epoch 15, Batch=799] Train: loss=0.0165, lr=0.002
23:32:02,27 root INFO Start to validate epoch 15
23:32:02,633 root INFO Start to test epoch 15
23:32:03,695 root INFO Epoch 15, lr=0.002 | Train: acc=0.8084 | Val: acc=0.6076 | Test: acc=0.6737 | Time: this epoch 5.35s, elapsed 663.67s
23:32:03,695 root INFO Start to train epoch 16
23:32:04,578 root INFO [Epoch 16, Batch=99] Train: loss=0.1102, lr=0.002
23:32:05,87 root INFO [Epoch 16, Batch=199] Train: loss=0.0931, lr=0.002
23:32:05,487 root INFO [Epoch 16, Batch=299] Train: loss=0.2350, lr=0.002
23:32:05,828 root INFO [Epoch 16, Batch=399] Train: loss=0.2181, lr=0.002
23:32:06,119 root INFO [Epoch 16, Batch=499] Train: loss=0.1469, lr=0.002
23:32:06,374 root INFO [Epoch 16, Batch=599] Train: loss=0.4014, lr=0.002
23:32:06,612 root INFO [Epoch 16, Batch=699] Train: loss=0.0769, lr=0.002
23:32:06,846 root INFO [Epoch 16, Batch=799] Train: loss=0.0135, lr=0.002
23:32:07,63 root INFO Start to validate epoch 16
23:32:07,700 root INFO Start to test epoch 16
23:32:08,724 root INFO Epoch 16, lr=0.002 | Train: acc=0.8126 | Val: acc=0.6043 | Test: acc=0.6618 | Time: this epoch 5.03s, elapsed 668.70s
23:32:08,724 root INFO Start to train epoch 17
23:32:09,584 root INFO [Epoch 17, Batch=99] Train: loss=0.1083, lr=0.002
23:32:10,82 root INFO [Epoch 17, Batch=199] Train: loss=0.0947, lr=0.002
23:32:10,473 root INFO [Epoch 17, Batch=299] Train: loss=0.2305, lr=0.002
23:32:10,810 root INFO [Epoch 17, Batch=399] Train: loss=0.2142, lr=0.002
23:32:11,98 root INFO [Epoch 17, Batch=499] Train: loss=0.1421, lr=0.002
23:32:11,360 root INFO [Epoch 17, Batch=599] Train: loss=0.4072, lr=0.002
23:32:11,589 root INFO [Epoch 17, Batch=699] Train: loss=0.0771, lr=0.002
23:32:11,838 root INFO [Epoch 17, Batch=799] Train: loss=0.0113, lr=0.002
23:32:12,55 root INFO Start to validate epoch 17
23:32:12,676 root INFO Start to test epoch 17
23:32:13,692 root INFO Epoch 17, lr=0.002 | Train: acc=0.8132 | Val: acc=0.6065 | Test: acc=0.6618 | Time: this epoch 4.97s, elapsed 673.67s
23:32:13,693 root INFO Start to train epoch 18
23:32:14,569 root INFO [Epoch 18, Batch=99] Train: loss=0.1097, lr=0.002
23:32:15,78 root INFO [Epoch 18, Batch=199] Train: loss=0.0945, lr=0.002
23:32:15,477 root INFO [Epoch 18, Batch=299] Train: loss=0.2259, lr=0.002
23:32:15,811 root INFO [Epoch 18, Batch=399] Train: loss=0.2097, lr=0.002
23:32:16,113 root INFO [Epoch 18, Batch=499] Train: loss=0.1390, lr=0.002
23:32:16,354 root INFO [Epoch 18, Batch=599] Train: loss=0.4142, lr=0.002
23:32:16,591 root INFO [Epoch 18, Batch=699] Train: loss=0.0760, lr=0.002
23:32:16,795 root INFO [Epoch 18, Batch=799] Train: loss=0.0097, lr=0.002
23:32:17,5 root INFO Start to validate epoch 18
23:32:17,660 root INFO Start to test epoch 18
23:32:18,709 root INFO Epoch 18, lr=0.002 | Train: acc=0.8138 | Val: acc=0.6076 | Test: acc=0.6618 | Time: this epoch 5.02s, elapsed 678.69s
23:32:18,710 root INFO Start to train epoch 19
23:32:19,578 root INFO [Epoch 19, Batch=99] Train: loss=0.1121, lr=0.002
23:32:20,84 root INFO [Epoch 19, Batch=199] Train: loss=0.0924, lr=0.002
23:32:20,476 root INFO [Epoch 19, Batch=299] Train: loss=0.2219, lr=0.002
23:32:20,824 root INFO [Epoch 19, Batch=399] Train: loss=0.2031, lr=0.002
23:32:21,127 root INFO [Epoch 19, Batch=499] Train: loss=0.1373, lr=0.002
23:32:21,371 root INFO [Epoch 19, Batch=599] Train: loss=0.4230, lr=0.002
23:32:21,598 root INFO [Epoch 19, Batch=699] Train: loss=0.0741, lr=0.002
23:32:21,816 root INFO [Epoch 19, Batch=799] Train: loss=0.0086, lr=0.002
23:32:22,36 root INFO Start to validate epoch 19
23:32:22,653 root INFO Start to test epoch 19
23:32:23,703 root INFO Epoch 19, lr=0.002 | Train: acc=0.8152 | Val: acc=0.6155 | Test: acc=0.6581 | Time: this epoch 4.99s, elapsed 683.68s
23:32:23,704 root INFO Best test acc=0.6810661554336548
23:32:23,704 root INFO Start to run five fold 2/5
23:32:23,704 root INFO Model initialized
23:32:23,711 root INFO Start to train epoch 0
23:32:24,582 root INFO [Epoch 0, Batch=99] Train: loss=0.2732, lr=0.002
23:32:25,107 root INFO [Epoch 0, Batch=199] Train: loss=0.2909, lr=0.002
23:32:25,504 root INFO [Epoch 0, Batch=299] Train: loss=0.2535, lr=0.002
23:32:25,835 root INFO [Epoch 0, Batch=399] Train: loss=0.1508, lr=0.002
23:32:26,129 root INFO [Epoch 0, Batch=499] Train: loss=0.4705, lr=0.002
23:32:26,405 root INFO [Epoch 0, Batch=599] Train: loss=0.3012, lr=0.002
23:32:26,719 root INFO [Epoch 0, Batch=699] Train: loss=0.1614, lr=0.002
23:32:26,978 root INFO [Epoch 0, Batch=799] Train: loss=0.3032, lr=0.002
23:32:27,173 root INFO [Epoch 0, Batch=899] Train: loss=0.2045, lr=0.002
23:32:27,249 root INFO Start to validate epoch 0
23:32:27,890 root INFO Start to test epoch 0
23:32:29,188 root INFO Epoch 00, lr=0.002 | Train: acc=0.5675 | Val: acc=0.5675 | Test: acc=0.5954 | Time: this epoch 5.48s, elapsed 689.17s
23:32:29,214 root INFO [info] Save model after epoch 0

23:32:29,214 root INFO Start to train epoch 1
23:32:30,331 root INFO [Epoch 1, Batch=99] Train: loss=0.1372, lr=0.002
23:32:31,378 root INFO [Epoch 1, Batch=199] Train: loss=0.2376, lr=0.002
23:32:32,363 root INFO [Epoch 1, Batch=299] Train: loss=0.2685, lr=0.002
23:32:32,975 root INFO [Epoch 1, Batch=399] Train: loss=0.1111, lr=0.002
23:32:33,516 root INFO [Epoch 1, Batch=499] Train: loss=0.3845, lr=0.002
23:32:33,953 root INFO [Epoch 1, Batch=599] Train: loss=0.2627, lr=0.002
23:32:34,188 root INFO [Epoch 1, Batch=699] Train: loss=0.1257, lr=0.002
23:32:34,485 root INFO [Epoch 1, Batch=799] Train: loss=0.2286, lr=0.002
23:32:34,765 root INFO [Epoch 1, Batch=899] Train: loss=0.1734, lr=0.002
23:32:34,814 root INFO Start to validate epoch 1
23:32:36,188 root INFO Start to test epoch 1
23:32:38,56 root INFO Epoch 01, lr=0.002 | Train: acc=0.6597 | Val: acc=0.6294 | Test: acc=0.6432 | Time: this epoch 8.84s, elapsed 698.04s
23:32:38,65 root INFO [info] Save model after epoch 1

23:32:38,65 root INFO Start to train epoch 2
23:32:39,144 root INFO [Epoch 2, Batch=99] Train: loss=0.0870, lr=0.002
23:32:40,58 root INFO [Epoch 2, Batch=199] Train: loss=0.2111, lr=0.002
23:32:40,609 root INFO [Epoch 2, Batch=299] Train: loss=0.2369, lr=0.002
23:32:41,168 root INFO [Epoch 2, Batch=399] Train: loss=0.0805, lr=0.002
23:32:41,567 root INFO [Epoch 2, Batch=499] Train: loss=0.3661, lr=0.002
23:32:41,989 root INFO [Epoch 2, Batch=599] Train: loss=0.2309, lr=0.002
23:32:42,302 root INFO [Epoch 2, Batch=699] Train: loss=0.1107, lr=0.002
23:32:42,653 root INFO [Epoch 2, Batch=799] Train: loss=0.1850, lr=0.002
23:32:42,940 root INFO [Epoch 2, Batch=899] Train: loss=0.1495, lr=0.002
23:32:43,29 root INFO Start to validate epoch 2
23:32:43,671 root INFO Start to test epoch 2
23:32:44,668 root INFO Epoch 02, lr=0.002 | Train: acc=0.6948 | Val: acc=0.6482 | Test: acc=0.6605 | Time: this epoch 6.60s, elapsed 704.65s
23:32:44,678 root INFO [info] Save model after epoch 2

23:32:44,678 root INFO Start to train epoch 3
23:32:45,613 root INFO [Epoch 3, Batch=99] Train: loss=0.0785, lr=0.002
23:32:46,157 root INFO [Epoch 3, Batch=199] Train: loss=0.2005, lr=0.002
23:32:46,542 root INFO [Epoch 3, Batch=299] Train: loss=0.2374, lr=0.002
23:32:46,855 root INFO [Epoch 3, Batch=399] Train: loss=0.0580, lr=0.002
23:32:47,130 root INFO [Epoch 3, Batch=499] Train: loss=0.3427, lr=0.002
23:32:47,343 root INFO [Epoch 3, Batch=599] Train: loss=0.2032, lr=0.002
23:32:47,562 root INFO [Epoch 3, Batch=699] Train: loss=0.1104, lr=0.002
23:32:47,751 root INFO [Epoch 3, Batch=799] Train: loss=0.1429, lr=0.002
23:32:47,933 root INFO [Epoch 3, Batch=899] Train: loss=0.1350, lr=0.002
23:32:47,980 root INFO Start to validate epoch 3
23:32:48,647 root INFO Start to test epoch 3
23:32:49,656 root INFO Epoch 03, lr=0.002 | Train: acc=0.7190 | Val: acc=0.6538 | Test: acc=0.6517 | Time: this epoch 4.98s, elapsed 709.64s
23:32:49,665 root INFO [info] Save model after epoch 3

23:32:49,665 root INFO Start to train epoch 4
23:32:50,698 root INFO [Epoch 4, Batch=99] Train: loss=0.0765, lr=0.002
23:32:51,281 root INFO [Epoch 4, Batch=199] Train: loss=0.1928, lr=0.002
23:32:51,698 root INFO [Epoch 4, Batch=299] Train: loss=0.2234, lr=0.002
23:32:52,35 root INFO [Epoch 4, Batch=399] Train: loss=0.0459, lr=0.002
23:32:52,370 root INFO [Epoch 4, Batch=499] Train: loss=0.3175, lr=0.002
23:32:52,615 root INFO [Epoch 4, Batch=599] Train: loss=0.1732, lr=0.002
23:32:52,842 root INFO [Epoch 4, Batch=699] Train: loss=0.1092, lr=0.002
23:32:53,51 root INFO [Epoch 4, Batch=799] Train: loss=0.1124, lr=0.002
23:32:53,246 root INFO [Epoch 4, Batch=899] Train: loss=0.1251, lr=0.002
23:32:53,323 root INFO Start to validate epoch 4
23:32:53,996 root INFO Start to test epoch 4
23:32:55,82 root INFO Epoch 04, lr=0.002 | Train: acc=0.7336 | Val: acc=0.6593 | Test: acc=0.6488 | Time: this epoch 5.42s, elapsed 715.06s
23:32:55,209 root INFO [info] Save model after epoch 4

23:32:55,210 root INFO Start to train epoch 5
23:32:56,289 root INFO [Epoch 5, Batch=99] Train: loss=0.0746, lr=0.002
23:32:57,15 root INFO [Epoch 5, Batch=199] Train: loss=0.1891, lr=0.002
23:32:57,533 root INFO [Epoch 5, Batch=299] Train: loss=0.2079, lr=0.002
23:32:57,991 root INFO [Epoch 5, Batch=399] Train: loss=0.0387, lr=0.002
23:32:58,442 root INFO [Epoch 5, Batch=499] Train: loss=0.2969, lr=0.002
23:32:58,849 root INFO [Epoch 5, Batch=599] Train: loss=0.1481, lr=0.002
23:32:59,314 root INFO [Epoch 5, Batch=699] Train: loss=0.1046, lr=0.002
23:32:59,568 root INFO [Epoch 5, Batch=799] Train: loss=0.0926, lr=0.002
23:32:59,765 root INFO [Epoch 5, Batch=899] Train: loss=0.1149, lr=0.002
23:32:59,813 root INFO Start to validate epoch 5
23:33:00,499 root INFO Start to test epoch 5
23:33:01,922 root INFO Epoch 05, lr=0.002 | Train: acc=0.7453 | Val: acc=0.6493 | Test: acc=0.6263 | Time: this epoch 6.71s, elapsed 721.90s
23:33:01,922 root INFO Start to train epoch 6
23:33:02,819 root INFO [Epoch 6, Batch=99] Train: loss=0.0733, lr=0.002
23:33:03,322 root INFO [Epoch 6, Batch=199] Train: loss=0.1862, lr=0.002
23:33:03,742 root INFO [Epoch 6, Batch=299] Train: loss=0.1940, lr=0.002
23:33:04,62 root INFO [Epoch 6, Batch=399] Train: loss=0.0344, lr=0.002
23:33:04,360 root INFO [Epoch 6, Batch=499] Train: loss=0.2803, lr=0.002
23:33:04,606 root INFO [Epoch 6, Batch=599] Train: loss=0.1409, lr=0.002
23:33:04,830 root INFO [Epoch 6, Batch=699] Train: loss=0.1009, lr=0.002
23:33:05,49 root INFO [Epoch 6, Batch=799] Train: loss=0.0770, lr=0.002
23:33:05,247 root INFO [Epoch 6, Batch=899] Train: loss=0.1037, lr=0.002
23:33:05,295 root INFO Start to validate epoch 6
23:33:05,954 root INFO Start to test epoch 6
23:33:06,947 root INFO Epoch 06, lr=0.002 | Train: acc=0.7594 | Val: acc=0.6527 | Test: acc=0.6253 | Time: this epoch 5.02s, elapsed 726.93s
23:33:06,947 root INFO Start to train epoch 7
23:33:07,815 root INFO [Epoch 7, Batch=99] Train: loss=0.0731, lr=0.002
23:33:08,319 root INFO [Epoch 7, Batch=199] Train: loss=0.1846, lr=0.002
23:33:08,744 root INFO [Epoch 7, Batch=299] Train: loss=0.1812, lr=0.002
23:33:09,76 root INFO [Epoch 7, Batch=399] Train: loss=0.0320, lr=0.002
23:33:09,359 root INFO [Epoch 7, Batch=499] Train: loss=0.2668, lr=0.002
23:33:09,594 root INFO [Epoch 7, Batch=599] Train: loss=0.1472, lr=0.002
23:33:09,824 root INFO [Epoch 7, Batch=699] Train: loss=0.0992, lr=0.002
23:33:10,41 root INFO [Epoch 7, Batch=799] Train: loss=0.0647, lr=0.002
23:33:10,233 root INFO [Epoch 7, Batch=899] Train: loss=0.0922, lr=0.002
23:33:10,282 root INFO Start to validate epoch 7
23:33:10,910 root INFO Start to test epoch 7
23:33:11,865 root INFO Epoch 07, lr=0.002 | Train: acc=0.7639 | Val: acc=0.6405 | Test: acc=0.6283 | Time: this epoch 4.92s, elapsed 731.85s
23:33:11,866 root INFO Start to train epoch 8
23:33:12,747 root INFO [Epoch 8, Batch=99] Train: loss=0.0734, lr=0.002
23:33:13,251 root INFO [Epoch 8, Batch=199] Train: loss=0.1841, lr=0.002
23:33:13,644 root INFO [Epoch 8, Batch=299] Train: loss=0.1694, lr=0.002
23:33:13,975 root INFO [Epoch 8, Batch=399] Train: loss=0.0303, lr=0.002
23:33:14,264 root INFO [Epoch 8, Batch=499] Train: loss=0.2564, lr=0.002
23:33:14,510 root INFO [Epoch 8, Batch=599] Train: loss=0.1613, lr=0.002
23:33:14,727 root INFO [Epoch 8, Batch=699] Train: loss=0.0997, lr=0.002
23:33:14,928 root INFO [Epoch 8, Batch=799] Train: loss=0.0557, lr=0.002
23:33:15,119 root INFO [Epoch 8, Batch=899] Train: loss=0.0819, lr=0.002
23:33:15,168 root INFO Start to validate epoch 8
23:33:15,801 root INFO Start to test epoch 8
23:33:16,807 root INFO Epoch 08, lr=0.002 | Train: acc=0.7705 | Val: acc=0.6294 | Test: acc=0.6263 | Time: this epoch 4.94s, elapsed 736.79s
23:33:16,808 root INFO Start to train epoch 9
23:33:17,680 root INFO [Epoch 9, Batch=99] Train: loss=0.0735, lr=0.002
23:33:18,182 root INFO [Epoch 9, Batch=199] Train: loss=0.1837, lr=0.002
23:33:18,571 root INFO [Epoch 9, Batch=299] Train: loss=0.1586, lr=0.002
23:33:18,912 root INFO [Epoch 9, Batch=399] Train: loss=0.0291, lr=0.002
23:33:19,194 root INFO [Epoch 9, Batch=499] Train: loss=0.2492, lr=0.002
23:33:19,432 root INFO [Epoch 9, Batch=599] Train: loss=0.1741, lr=0.002
23:33:19,676 root INFO [Epoch 9, Batch=699] Train: loss=0.0998, lr=0.002
23:33:19,882 root INFO [Epoch 9, Batch=799] Train: loss=0.0511, lr=0.002
23:33:20,72 root INFO [Epoch 9, Batch=899] Train: loss=0.0747, lr=0.002
23:33:20,121 root INFO Start to validate epoch 9
23:33:20,759 root INFO Start to test epoch 9
23:33:21,759 root INFO Epoch 09, lr=0.002 | Train: acc=0.7774 | Val: acc=0.6261 | Test: acc=0.6243 | Time: this epoch 4.95s, elapsed 741.74s
23:33:21,760 root INFO Start to train epoch 10
23:33:22,627 root INFO [Epoch 10, Batch=99] Train: loss=0.0744, lr=0.002
23:33:23,153 root INFO [Epoch 10, Batch=199] Train: loss=0.1818, lr=0.002
23:33:23,561 root INFO [Epoch 10, Batch=299] Train: loss=0.1485, lr=0.002
23:33:23,873 root INFO [Epoch 10, Batch=399] Train: loss=0.0282, lr=0.002
23:33:24,158 root INFO [Epoch 10, Batch=499] Train: loss=0.2452, lr=0.002
23:33:24,399 root INFO [Epoch 10, Batch=599] Train: loss=0.1812, lr=0.002
23:33:24,615 root INFO [Epoch 10, Batch=699] Train: loss=0.0989, lr=0.002
23:33:24,824 root INFO [Epoch 10, Batch=799] Train: loss=0.0486, lr=0.002
23:33:25,11 root INFO [Epoch 10, Batch=899] Train: loss=0.0701, lr=0.002
23:33:25,82 root INFO Start to validate epoch 10
23:33:25,729 root INFO Start to test epoch 10
23:33:26,776 root INFO Epoch 10, lr=0.002 | Train: acc=0.7785 | Val: acc=0.6173 | Test: acc=0.6243 | Time: this epoch 5.02s, elapsed 746.76s
23:33:26,777 root INFO Start to train epoch 11
23:33:28,639 root INFO [Epoch 11, Batch=99] Train: loss=0.0764, lr=0.002
23:33:29,746 root INFO [Epoch 11, Batch=199] Train: loss=0.1788, lr=0.002
23:33:30,657 root INFO [Epoch 11, Batch=299] Train: loss=0.1394, lr=0.002
23:33:31,492 root INFO [Epoch 11, Batch=399] Train: loss=0.0276, lr=0.002
23:33:31,989 root INFO [Epoch 11, Batch=499] Train: loss=0.2432, lr=0.002
23:33:32,492 root INFO [Epoch 11, Batch=599] Train: loss=0.1843, lr=0.002
23:33:32,997 root INFO [Epoch 11, Batch=699] Train: loss=0.0972, lr=0.002
23:33:33,457 root INFO [Epoch 11, Batch=799] Train: loss=0.0469, lr=0.002
23:33:33,854 root INFO [Epoch 11, Batch=899] Train: loss=0.0672, lr=0.002
23:33:33,903 root INFO Start to validate epoch 11
23:33:34,862 root INFO Start to test epoch 11
23:33:36,743 root INFO Epoch 11, lr=0.002 | Train: acc=0.7838 | Val: acc=0.6184 | Test: acc=0.6204 | Time: this epoch 9.97s, elapsed 756.72s
23:33:36,744 root INFO Start to train epoch 12
23:33:37,630 root INFO [Epoch 12, Batch=99] Train: loss=0.0789, lr=0.002
23:33:38,127 root INFO [Epoch 12, Batch=199] Train: loss=0.1752, lr=0.002
23:33:38,525 root INFO [Epoch 12, Batch=299] Train: loss=0.1317, lr=0.002
23:33:38,861 root INFO [Epoch 12, Batch=399] Train: loss=0.0274, lr=0.002
23:33:39,146 root INFO [Epoch 12, Batch=499] Train: loss=0.2432, lr=0.002
23:33:39,411 root INFO [Epoch 12, Batch=599] Train: loss=0.1819, lr=0.002
23:33:39,637 root INFO [Epoch 12, Batch=699] Train: loss=0.0956, lr=0.002
23:33:39,839 root INFO [Epoch 12, Batch=799] Train: loss=0.0451, lr=0.002
23:33:40,42 root INFO [Epoch 12, Batch=899] Train: loss=0.0655, lr=0.002
23:33:40,86 root INFO Start to validate epoch 12
23:33:40,708 root INFO Start to test epoch 12
23:33:41,723 root INFO Epoch 12, lr=0.002 | Train: acc=0.7905 | Val: acc=0.6139 | Test: acc=0.6175 | Time: this epoch 4.98s, elapsed 761.70s
23:33:41,724 root INFO Start to train epoch 13
23:33:42,839 root INFO [Epoch 13, Batch=99] Train: loss=0.0816, lr=0.002
23:33:43,768 root INFO [Epoch 13, Batch=199] Train: loss=0.1717, lr=0.002
23:33:44,386 root INFO [Epoch 13, Batch=299] Train: loss=0.1255, lr=0.002
23:33:45,11 root INFO [Epoch 13, Batch=399] Train: loss=0.0274, lr=0.002
23:33:45,495 root INFO [Epoch 13, Batch=499] Train: loss=0.2452, lr=0.002
23:33:45,947 root INFO [Epoch 13, Batch=599] Train: loss=0.1798, lr=0.002
23:33:46,271 root INFO [Epoch 13, Batch=699] Train: loss=0.0939, lr=0.002
23:33:46,668 root INFO [Epoch 13, Batch=799] Train: loss=0.0430, lr=0.002
23:33:47,85 root INFO [Epoch 13, Batch=899] Train: loss=0.0650, lr=0.002
23:33:47,132 root INFO Start to validate epoch 13
23:33:48,276 root INFO Start to test epoch 13
23:33:50,543 root INFO Epoch 13, lr=0.002 | Train: acc=0.7935 | Val: acc=0.6184 | Test: acc=0.6136 | Time: this epoch 8.82s, elapsed 770.52s
23:33:50,550 root INFO Start to train epoch 14
23:33:51,791 root INFO [Epoch 14, Batch=99] Train: loss=0.0840, lr=0.002
23:33:52,529 root INFO [Epoch 14, Batch=199] Train: loss=0.1689, lr=0.002
23:33:53,123 root INFO [Epoch 14, Batch=299] Train: loss=0.1206, lr=0.002
23:33:53,568 root INFO [Epoch 14, Batch=399] Train: loss=0.0277, lr=0.002
23:33:53,963 root INFO [Epoch 14, Batch=499] Train: loss=0.2481, lr=0.002
23:33:54,342 root INFO [Epoch 14, Batch=599] Train: loss=0.1783, lr=0.002
23:33:54,656 root INFO [Epoch 14, Batch=699] Train: loss=0.0918, lr=0.002
23:33:54,968 root INFO [Epoch 14, Batch=799] Train: loss=0.0403, lr=0.002
23:33:55,262 root INFO [Epoch 14, Batch=899] Train: loss=0.0652, lr=0.002
23:33:55,311 root INFO Start to validate epoch 14
23:33:56,332 root INFO Start to test epoch 14
23:33:57,294 root INFO Epoch 14, lr=0.002 | Train: acc=0.7974 | Val: acc=0.6184 | Test: acc=0.6156 | Time: this epoch 6.74s, elapsed 777.27s
23:33:57,295 root INFO Start to train epoch 15
23:33:58,661 root INFO [Epoch 15, Batch=99] Train: loss=0.0860, lr=0.002
23:33:59,565 root INFO [Epoch 15, Batch=199] Train: loss=0.1673, lr=0.002
23:34:00,169 root INFO [Epoch 15, Batch=299] Train: loss=0.1167, lr=0.002
23:34:00,800 root INFO [Epoch 15, Batch=399] Train: loss=0.0282, lr=0.002
23:34:01,290 root INFO [Epoch 15, Batch=499] Train: loss=0.2511, lr=0.002
23:34:01,762 root INFO [Epoch 15, Batch=599] Train: loss=0.1772, lr=0.002
23:34:02,110 root INFO [Epoch 15, Batch=699] Train: loss=0.0892, lr=0.002
23:34:02,452 root INFO [Epoch 15, Batch=799] Train: loss=0.0375, lr=0.002
23:34:02,889 root INFO [Epoch 15, Batch=899] Train: loss=0.0665, lr=0.002
23:34:02,999 root INFO Start to validate epoch 15
23:34:04,339 root INFO Start to test epoch 15
23:34:05,667 root INFO Epoch 15, lr=0.002 | Train: acc=0.8004 | Val: acc=0.6206 | Test: acc=0.6117 | Time: this epoch 8.37s, elapsed 785.65s
23:34:05,668 root INFO Start to train epoch 16
23:34:06,808 root INFO [Epoch 16, Batch=99] Train: loss=0.0879, lr=0.002
23:34:07,374 root INFO [Epoch 16, Batch=199] Train: loss=0.1658, lr=0.002
23:34:07,777 root INFO [Epoch 16, Batch=299] Train: loss=0.1133, lr=0.002
23:34:08,101 root INFO [Epoch 16, Batch=399] Train: loss=0.0286, lr=0.002
23:34:08,402 root INFO [Epoch 16, Batch=499] Train: loss=0.2531, lr=0.002
23:34:08,659 root INFO [Epoch 16, Batch=599] Train: loss=0.1770, lr=0.002
23:34:08,888 root INFO [Epoch 16, Batch=699] Train: loss=0.0868, lr=0.002
23:34:09,94 root INFO [Epoch 16, Batch=799] Train: loss=0.0346, lr=0.002
23:34:09,286 root INFO [Epoch 16, Batch=899] Train: loss=0.0653, lr=0.002
23:34:09,336 root INFO Start to validate epoch 16
23:34:09,964 root INFO Start to test epoch 16
23:34:10,945 root INFO Epoch 16, lr=0.002 | Train: acc=0.8046 | Val: acc=0.6162 | Test: acc=0.6107 | Time: this epoch 5.28s, elapsed 790.92s
23:34:10,945 root INFO Start to train epoch 17
23:34:11,832 root INFO [Epoch 17, Batch=99] Train: loss=0.0894, lr=0.002
23:34:12,330 root INFO [Epoch 17, Batch=199] Train: loss=0.1651, lr=0.002
23:34:12,743 root INFO [Epoch 17, Batch=299] Train: loss=0.1096, lr=0.002
23:34:13,71 root INFO [Epoch 17, Batch=399] Train: loss=0.0288, lr=0.002
23:34:13,390 root INFO [Epoch 17, Batch=499] Train: loss=0.2540, lr=0.002
23:34:13,649 root INFO [Epoch 17, Batch=599] Train: loss=0.1753, lr=0.002
23:34:13,864 root INFO [Epoch 17, Batch=699] Train: loss=0.0854, lr=0.002
23:34:14,74 root INFO [Epoch 17, Batch=799] Train: loss=0.0317, lr=0.002
23:34:14,280 root INFO [Epoch 17, Batch=899] Train: loss=0.0627, lr=0.002
23:34:14,328 root INFO Start to validate epoch 17
23:34:14,947 root INFO Start to test epoch 17
23:34:15,957 root INFO Epoch 17, lr=0.002 | Train: acc=0.8068 | Val: acc=0.6117 | Test: acc=0.6097 | Time: this epoch 5.01s, elapsed 795.94s
23:34:15,958 root INFO Start to train epoch 18
23:34:16,979 root INFO [Epoch 18, Batch=99] Train: loss=0.0909, lr=0.002
23:34:17,864 root INFO [Epoch 18, Batch=199] Train: loss=0.1655, lr=0.002
23:34:18,739 root INFO [Epoch 18, Batch=299] Train: loss=0.1062, lr=0.002
23:34:19,373 root INFO [Epoch 18, Batch=399] Train: loss=0.0291, lr=0.002
23:34:19,996 root INFO [Epoch 18, Batch=499] Train: loss=0.2552, lr=0.002
23:34:20,630 root INFO [Epoch 18, Batch=599] Train: loss=0.1729, lr=0.002
23:34:21,236 root INFO [Epoch 18, Batch=699] Train: loss=0.0833, lr=0.002
23:34:21,666 root INFO [Epoch 18, Batch=799] Train: loss=0.0294, lr=0.002
23:34:21,907 root INFO [Epoch 18, Batch=899] Train: loss=0.0619, lr=0.002
23:34:21,955 root INFO Start to validate epoch 18
23:34:22,900 root INFO Start to test epoch 18
23:34:24,509 root INFO Epoch 18, lr=0.002 | Train: acc=0.8093 | Val: acc=0.6095 | Test: acc=0.6087 | Time: this epoch 8.55s, elapsed 804.49s
23:34:24,510 root INFO Start to train epoch 19
23:34:25,689 root INFO [Epoch 19, Batch=99] Train: loss=0.0924, lr=0.002
23:34:26,274 root INFO [Epoch 19, Batch=199] Train: loss=0.1652, lr=0.002
23:34:26,705 root INFO [Epoch 19, Batch=299] Train: loss=0.1035, lr=0.002
23:34:27,21 root INFO [Epoch 19, Batch=399] Train: loss=0.0295, lr=0.002
23:34:27,314 root INFO [Epoch 19, Batch=499] Train: loss=0.2554, lr=0.002
23:34:27,552 root INFO [Epoch 19, Batch=599] Train: loss=0.1710, lr=0.002
23:34:27,781 root INFO [Epoch 19, Batch=699] Train: loss=0.0802, lr=0.002
23:34:27,997 root INFO [Epoch 19, Batch=799] Train: loss=0.0278, lr=0.002
23:34:28,191 root INFO [Epoch 19, Batch=899] Train: loss=0.0616, lr=0.002
23:34:28,239 root INFO Start to validate epoch 19
23:34:28,843 root INFO Start to test epoch 19
23:34:29,833 root INFO Epoch 19, lr=0.002 | Train: acc=0.8126 | Val: acc=0.6128 | Test: acc=0.6087 | Time: this epoch 5.32s, elapsed 809.81s
23:34:29,834 root INFO Best test acc=0.6604817509651184
23:34:29,834 root INFO Start to run five fold 3/5
23:34:29,834 root INFO Model initialized
23:34:29,835 root INFO Start to train epoch 0
23:34:30,726 root INFO [Epoch 0, Batch=99] Train: loss=0.3392, lr=0.002
23:34:31,239 root INFO [Epoch 0, Batch=199] Train: loss=0.1772, lr=0.002
23:34:31,642 root INFO [Epoch 0, Batch=299] Train: loss=0.2016, lr=0.002
23:34:31,982 root INFO [Epoch 0, Batch=399] Train: loss=0.2196, lr=0.002
23:34:32,258 root INFO [Epoch 0, Batch=499] Train: loss=0.2831, lr=0.002
23:34:32,494 root INFO [Epoch 0, Batch=599] Train: loss=0.3662, lr=0.002
23:34:32,722 root INFO [Epoch 0, Batch=699] Train: loss=0.1089, lr=0.002
23:34:32,941 root INFO [Epoch 0, Batch=799] Train: loss=0.2570, lr=0.002
23:34:33,130 root INFO Start to validate epoch 0
23:34:33,713 root INFO Start to test epoch 0
23:34:34,715 root INFO Epoch 00, lr=0.002 | Train: acc=0.5946 | Val: acc=0.5883 | Test: acc=0.4919 | Time: this epoch 4.88s, elapsed 814.70s
23:34:34,746 root INFO [info] Save model after epoch 0

23:34:34,747 root INFO Start to train epoch 1
23:34:35,639 root INFO [Epoch 1, Batch=99] Train: loss=0.1716, lr=0.002
23:34:36,141 root INFO [Epoch 1, Batch=199] Train: loss=0.0893, lr=0.002
23:34:36,552 root INFO [Epoch 1, Batch=299] Train: loss=0.1259, lr=0.002
23:34:36,875 root INFO [Epoch 1, Batch=399] Train: loss=0.1962, lr=0.002
23:34:37,150 root INFO [Epoch 1, Batch=499] Train: loss=0.2395, lr=0.002
23:34:37,393 root INFO [Epoch 1, Batch=599] Train: loss=0.4415, lr=0.002
23:34:37,603 root INFO [Epoch 1, Batch=699] Train: loss=0.1045, lr=0.002
23:34:37,882 root INFO [Epoch 1, Batch=799] Train: loss=0.3017, lr=0.002
23:34:38,168 root INFO Start to validate epoch 1
23:34:38,988 root INFO Start to test epoch 1
23:34:41,246 root INFO Epoch 01, lr=0.002 | Train: acc=0.6802 | Val: acc=0.6054 | Test: acc=0.5055 | Time: this epoch 6.50s, elapsed 821.23s
23:34:41,314 root INFO [info] Save model after epoch 1

23:34:41,314 root INFO Start to train epoch 2
23:34:42,902 root INFO [Epoch 2, Batch=99] Train: loss=0.1158, lr=0.002
23:34:43,865 root INFO [Epoch 2, Batch=199] Train: loss=0.0635, lr=0.002
23:34:44,733 root INFO [Epoch 2, Batch=299] Train: loss=0.1140, lr=0.002
23:34:45,524 root INFO [Epoch 2, Batch=399] Train: loss=0.1673, lr=0.002
23:34:46,166 root INFO [Epoch 2, Batch=499] Train: loss=0.1867, lr=0.002
23:34:46,884 root INFO [Epoch 2, Batch=599] Train: loss=0.4531, lr=0.002
23:34:47,435 root INFO [Epoch 2, Batch=699] Train: loss=0.1101, lr=0.002
23:34:47,908 root INFO [Epoch 2, Batch=799] Train: loss=0.3001, lr=0.002
23:34:48,488 root INFO Start to validate epoch 2
23:34:49,340 root INFO Start to test epoch 2
23:34:50,402 root INFO Epoch 02, lr=0.002 | Train: acc=0.7121 | Val: acc=0.6168 | Test: acc=0.5350 | Time: this epoch 9.09s, elapsed 830.38s
23:34:50,411 root INFO [info] Save model after epoch 2

23:34:50,411 root INFO Start to train epoch 3
23:34:51,407 root INFO [Epoch 3, Batch=99] Train: loss=0.0957, lr=0.002
23:34:52,42 root INFO [Epoch 3, Batch=199] Train: loss=0.0522, lr=0.002
23:34:52,518 root INFO [Epoch 3, Batch=299] Train: loss=0.1116, lr=0.002
23:34:53,1 root INFO [Epoch 3, Batch=399] Train: loss=0.1479, lr=0.002
23:34:53,370 root INFO [Epoch 3, Batch=499] Train: loss=0.1527, lr=0.002
23:34:53,673 root INFO [Epoch 3, Batch=599] Train: loss=0.4439, lr=0.002
23:34:54,40 root INFO [Epoch 3, Batch=699] Train: loss=0.1210, lr=0.002
23:34:54,288 root INFO [Epoch 3, Batch=799] Train: loss=0.2985, lr=0.002
23:34:54,520 root INFO Start to validate epoch 3
23:34:55,484 root INFO Start to test epoch 3
23:34:56,505 root INFO Epoch 03, lr=0.002 | Train: acc=0.7357 | Val: acc=0.6225 | Test: acc=0.5842 | Time: this epoch 6.09s, elapsed 836.49s
23:34:56,514 root INFO [info] Save model after epoch 3

23:34:56,514 root INFO Start to train epoch 4
23:34:57,453 root INFO [Epoch 4, Batch=99] Train: loss=0.0822, lr=0.002
23:34:57,973 root INFO [Epoch 4, Batch=199] Train: loss=0.0453, lr=0.002
23:34:58,797 root INFO [Epoch 4, Batch=299] Train: loss=0.1078, lr=0.002
23:34:59,369 root INFO [Epoch 4, Batch=399] Train: loss=0.1362, lr=0.002
23:35:00,26 root INFO [Epoch 4, Batch=499] Train: loss=0.1297, lr=0.002
23:35:00,586 root INFO [Epoch 4, Batch=599] Train: loss=0.4235, lr=0.002
23:35:00,980 root INFO [Epoch 4, Batch=699] Train: loss=0.1276, lr=0.002
23:35:01,578 root INFO [Epoch 4, Batch=799] Train: loss=0.2961, lr=0.002
23:35:01,855 root INFO Start to validate epoch 4
23:35:03,58 root INFO Start to test epoch 4
23:35:04,826 root INFO Epoch 04, lr=0.002 | Train: acc=0.7509 | Val: acc=0.6374 | Test: acc=0.6163 | Time: this epoch 8.31s, elapsed 844.81s
23:35:04,836 root INFO [info] Save model after epoch 4

23:35:04,836 root INFO Start to train epoch 5
23:35:06,176 root INFO [Epoch 5, Batch=99] Train: loss=0.0712, lr=0.002
23:35:07,19 root INFO [Epoch 5, Batch=199] Train: loss=0.0408, lr=0.002
23:35:07,557 root INFO [Epoch 5, Batch=299] Train: loss=0.1024, lr=0.002
23:35:07,962 root INFO [Epoch 5, Batch=399] Train: loss=0.1326, lr=0.002
23:35:08,409 root INFO [Epoch 5, Batch=499] Train: loss=0.1177, lr=0.002
23:35:08,693 root INFO [Epoch 5, Batch=599] Train: loss=0.3932, lr=0.002
23:35:08,951 root INFO [Epoch 5, Batch=699] Train: loss=0.1328, lr=0.002
23:35:09,210 root INFO [Epoch 5, Batch=799] Train: loss=0.2951, lr=0.002
23:35:09,442 root INFO Start to validate epoch 5
23:35:10,52 root INFO Start to test epoch 5
23:35:11,135 root INFO Epoch 05, lr=0.002 | Train: acc=0.7625 | Val: acc=0.6488 | Test: acc=0.6305 | Time: this epoch 6.30s, elapsed 851.12s
23:35:11,144 root INFO [info] Save model after epoch 5

23:35:11,144 root INFO Start to train epoch 6
23:35:12,939 root INFO [Epoch 6, Batch=99] Train: loss=0.0619, lr=0.002
23:35:14,195 root INFO [Epoch 6, Batch=199] Train: loss=0.0375, lr=0.002
23:35:14,760 root INFO [Epoch 6, Batch=299] Train: loss=0.0981, lr=0.002
23:35:15,141 root INFO [Epoch 6, Batch=399] Train: loss=0.1339, lr=0.002
23:35:15,428 root INFO [Epoch 6, Batch=499] Train: loss=0.1117, lr=0.002
23:35:15,696 root INFO [Epoch 6, Batch=599] Train: loss=0.3605, lr=0.002
23:35:15,931 root INFO [Epoch 6, Batch=699] Train: loss=0.1371, lr=0.002
23:35:16,144 root INFO [Epoch 6, Batch=799] Train: loss=0.2982, lr=0.002
23:35:16,338 root INFO Start to validate epoch 6
23:35:16,937 root INFO Start to test epoch 6
23:35:18,726 root INFO Epoch 06, lr=0.002 | Train: acc=0.7745 | Val: acc=0.6488 | Test: acc=0.6322 | Time: this epoch 7.58s, elapsed 858.71s
23:35:18,727 root INFO Start to train epoch 7
23:35:19,613 root INFO [Epoch 7, Batch=99] Train: loss=0.0544, lr=0.002
23:35:20,125 root INFO [Epoch 7, Batch=199] Train: loss=0.0351, lr=0.002
23:35:20,532 root INFO [Epoch 7, Batch=299] Train: loss=0.0951, lr=0.002
23:35:20,849 root INFO [Epoch 7, Batch=399] Train: loss=0.1371, lr=0.002
23:35:21,128 root INFO [Epoch 7, Batch=499] Train: loss=0.1087, lr=0.002
23:35:21,365 root INFO [Epoch 7, Batch=599] Train: loss=0.3287, lr=0.002
23:35:21,589 root INFO [Epoch 7, Batch=699] Train: loss=0.1403, lr=0.002
23:35:21,789 root INFO [Epoch 7, Batch=799] Train: loss=0.2999, lr=0.002
23:35:21,975 root INFO Start to validate epoch 7
23:35:22,590 root INFO Start to test epoch 7
23:35:23,647 root INFO Epoch 07, lr=0.002 | Train: acc=0.7888 | Val: acc=0.6511 | Test: acc=0.6383 | Time: this epoch 4.92s, elapsed 863.63s
23:35:23,656 root INFO [info] Save model after epoch 7

23:35:23,656 root INFO Start to train epoch 8
23:35:24,560 root INFO [Epoch 8, Batch=99] Train: loss=0.0486, lr=0.002
23:35:25,79 root INFO [Epoch 8, Batch=199] Train: loss=0.0336, lr=0.002
23:35:25,499 root INFO [Epoch 8, Batch=299] Train: loss=0.0929, lr=0.002
23:35:25,841 root INFO [Epoch 8, Batch=399] Train: loss=0.1411, lr=0.002
23:35:26,141 root INFO [Epoch 8, Batch=499] Train: loss=0.1073, lr=0.002
23:35:26,726 root INFO [Epoch 8, Batch=599] Train: loss=0.3015, lr=0.002
23:35:27,230 root INFO [Epoch 8, Batch=699] Train: loss=0.1426, lr=0.002
23:35:27,608 root INFO [Epoch 8, Batch=799] Train: loss=0.3010, lr=0.002
23:35:27,911 root INFO Start to validate epoch 8
23:35:28,975 root INFO Start to test epoch 8
23:35:30,827 root INFO Epoch 08, lr=0.002 | Train: acc=0.7965 | Val: acc=0.6545 | Test: acc=0.6357 | Time: this epoch 7.17s, elapsed 870.81s
23:35:30,836 root INFO [info] Save model after epoch 8

23:35:30,836 root INFO Start to train epoch 9
23:35:31,893 root INFO [Epoch 9, Batch=99] Train: loss=0.0441, lr=0.002
23:35:32,544 root INFO [Epoch 9, Batch=199] Train: loss=0.0326, lr=0.002
23:35:33,69 root INFO [Epoch 9, Batch=299] Train: loss=0.0912, lr=0.002
23:35:33,540 root INFO [Epoch 9, Batch=399] Train: loss=0.1452, lr=0.002
23:35:33,926 root INFO [Epoch 9, Batch=499] Train: loss=0.1071, lr=0.002
23:35:34,175 root INFO [Epoch 9, Batch=599] Train: loss=0.2766, lr=0.002
23:35:34,404 root INFO [Epoch 9, Batch=699] Train: loss=0.1455, lr=0.002
23:35:34,603 root INFO [Epoch 9, Batch=799] Train: loss=0.3019, lr=0.002
23:35:34,790 root INFO Start to validate epoch 9
23:35:35,382 root INFO Start to test epoch 9
23:35:36,375 root INFO Epoch 09, lr=0.002 | Train: acc=0.8042 | Val: acc=0.6488 | Test: acc=0.6400 | Time: this epoch 5.54s, elapsed 876.36s
23:35:36,376 root INFO Start to train epoch 10
23:35:37,281 root INFO [Epoch 10, Batch=99] Train: loss=0.0405, lr=0.002
23:35:37,793 root INFO [Epoch 10, Batch=199] Train: loss=0.0319, lr=0.002
23:35:38,198 root INFO [Epoch 10, Batch=299] Train: loss=0.0899, lr=0.002
23:35:38,561 root INFO [Epoch 10, Batch=399] Train: loss=0.1492, lr=0.002
23:35:38,842 root INFO [Epoch 10, Batch=499] Train: loss=0.1078, lr=0.002
23:35:39,76 root INFO [Epoch 10, Batch=599] Train: loss=0.2536, lr=0.002
23:35:39,289 root INFO [Epoch 10, Batch=699] Train: loss=0.1485, lr=0.002
23:35:39,489 root INFO [Epoch 10, Batch=799] Train: loss=0.3033, lr=0.002
23:35:39,717 root INFO Start to validate epoch 10
23:35:40,341 root INFO Start to test epoch 10
23:35:41,357 root INFO Epoch 10, lr=0.002 | Train: acc=0.8107 | Val: acc=0.6526 | Test: acc=0.6453 | Time: this epoch 4.98s, elapsed 881.34s
23:35:41,358 root INFO Start to train epoch 11
23:35:42,241 root INFO [Epoch 11, Batch=99] Train: loss=0.0375, lr=0.002
23:35:42,750 root INFO [Epoch 11, Batch=199] Train: loss=0.0312, lr=0.002
23:35:43,158 root INFO [Epoch 11, Batch=299] Train: loss=0.0888, lr=0.002
23:35:43,528 root INFO [Epoch 11, Batch=399] Train: loss=0.1526, lr=0.002
23:35:43,812 root INFO [Epoch 11, Batch=499] Train: loss=0.1093, lr=0.002
23:35:44,59 root INFO [Epoch 11, Batch=599] Train: loss=0.2327, lr=0.002
23:35:44,280 root INFO [Epoch 11, Batch=699] Train: loss=0.1511, lr=0.002
23:35:44,487 root INFO [Epoch 11, Batch=799] Train: loss=0.3056, lr=0.002
23:35:44,675 root INFO Start to validate epoch 11
23:35:45,272 root INFO Start to test epoch 11
23:35:46,270 root INFO Epoch 11, lr=0.002 | Train: acc=0.8164 | Val: acc=0.6560 | Test: acc=0.6453 | Time: this epoch 4.91s, elapsed 886.25s
23:35:46,308 root INFO [info] Save model after epoch 11

23:35:46,308 root INFO Start to train epoch 12
23:35:47,240 root INFO [Epoch 12, Batch=99] Train: loss=0.0349, lr=0.002
23:35:47,770 root INFO [Epoch 12, Batch=199] Train: loss=0.0304, lr=0.002
23:35:48,191 root INFO [Epoch 12, Batch=299] Train: loss=0.0874, lr=0.002
23:35:48,608 root INFO [Epoch 12, Batch=399] Train: loss=0.1558, lr=0.002
23:35:48,886 root INFO [Epoch 12, Batch=499] Train: loss=0.1116, lr=0.002
23:35:49,110 root INFO [Epoch 12, Batch=599] Train: loss=0.2138, lr=0.002
23:35:49,321 root INFO [Epoch 12, Batch=699] Train: loss=0.1525, lr=0.002
23:35:49,524 root INFO [Epoch 12, Batch=799] Train: loss=0.3084, lr=0.002
23:35:49,747 root INFO Start to validate epoch 12
23:35:50,335 root INFO Start to test epoch 12
23:35:51,339 root INFO Epoch 12, lr=0.002 | Train: acc=0.8221 | Val: acc=0.6594 | Test: acc=0.6479 | Time: this epoch 5.03s, elapsed 891.32s
23:35:51,349 root INFO [info] Save model after epoch 12

23:35:51,349 root INFO Start to train epoch 13
23:35:52,268 root INFO [Epoch 13, Batch=99] Train: loss=0.0324, lr=0.002
23:35:52,818 root INFO [Epoch 13, Batch=199] Train: loss=0.0293, lr=0.002
23:35:53,260 root INFO [Epoch 13, Batch=299] Train: loss=0.0856, lr=0.002
23:35:53,608 root INFO [Epoch 13, Batch=399] Train: loss=0.1595, lr=0.002
23:35:53,906 root INFO [Epoch 13, Batch=499] Train: loss=0.1144, lr=0.002
23:35:54,514 root INFO [Epoch 13, Batch=599] Train: loss=0.1968, lr=0.002
23:35:55,37 root INFO [Epoch 13, Batch=699] Train: loss=0.1538, lr=0.002
23:35:55,520 root INFO [Epoch 13, Batch=799] Train: loss=0.3125, lr=0.002
23:35:55,974 root INFO Start to validate epoch 13
23:35:57,124 root INFO Start to test epoch 13
23:35:58,879 root INFO Epoch 13, lr=0.002 | Train: acc=0.8255 | Val: acc=0.6606 | Test: acc=0.6409 | Time: this epoch 7.53s, elapsed 898.86s
23:35:58,887 root INFO [info] Save model after epoch 13

23:35:58,888 root INFO Start to train epoch 14
23:36:00,24 root INFO [Epoch 14, Batch=99] Train: loss=0.0300, lr=0.002
23:36:02,176 root INFO [Epoch 14, Batch=199] Train: loss=0.0280, lr=0.002
23:36:03,12 root INFO [Epoch 14, Batch=299] Train: loss=0.0834, lr=0.002
23:36:04,115 root INFO [Epoch 14, Batch=399] Train: loss=0.1631, lr=0.002
23:36:04,841 root INFO [Epoch 14, Batch=499] Train: loss=0.1173, lr=0.002
23:36:05,544 root INFO [Epoch 14, Batch=599] Train: loss=0.1820, lr=0.002
23:36:05,927 root INFO [Epoch 14, Batch=699] Train: loss=0.1547, lr=0.002
23:36:06,398 root INFO [Epoch 14, Batch=799] Train: loss=0.3162, lr=0.002
23:36:06,785 root INFO Start to validate epoch 14
23:36:08,337 root INFO Start to test epoch 14
23:36:09,938 root INFO Epoch 14, lr=0.002 | Train: acc=0.8278 | Val: acc=0.6583 | Test: acc=0.6357 | Time: this epoch 11.05s, elapsed 909.92s
23:36:09,940 root INFO Start to train epoch 15
23:36:11,154 root INFO [Epoch 15, Batch=99] Train: loss=0.0278, lr=0.002
23:36:11,923 root INFO [Epoch 15, Batch=199] Train: loss=0.0265, lr=0.002
23:36:12,331 root INFO [Epoch 15, Batch=299] Train: loss=0.0811, lr=0.002
23:36:12,659 root INFO [Epoch 15, Batch=399] Train: loss=0.1665, lr=0.002
23:36:12,951 root INFO [Epoch 15, Batch=499] Train: loss=0.1199, lr=0.002
23:36:13,201 root INFO [Epoch 15, Batch=599] Train: loss=0.1690, lr=0.002
23:36:13,414 root INFO [Epoch 15, Batch=699] Train: loss=0.1549, lr=0.002
23:36:13,617 root INFO [Epoch 15, Batch=799] Train: loss=0.3202, lr=0.002
23:36:13,807 root INFO Start to validate epoch 15
23:36:14,414 root INFO Start to test epoch 15
23:36:15,441 root INFO Epoch 15, lr=0.002 | Train: acc=0.8332 | Val: acc=0.6537 | Test: acc=0.6340 | Time: this epoch 5.50s, elapsed 915.42s
23:36:15,442 root INFO Start to train epoch 16
23:36:16,338 root INFO [Epoch 16, Batch=99] Train: loss=0.0259, lr=0.002
23:36:16,867 root INFO [Epoch 16, Batch=199] Train: loss=0.0249, lr=0.002
23:36:17,291 root INFO [Epoch 16, Batch=299] Train: loss=0.0789, lr=0.002
23:36:17,617 root INFO [Epoch 16, Batch=399] Train: loss=0.1696, lr=0.002
23:36:17,900 root INFO [Epoch 16, Batch=499] Train: loss=0.1219, lr=0.002
23:36:18,165 root INFO [Epoch 16, Batch=599] Train: loss=0.1566, lr=0.002
23:36:18,382 root INFO [Epoch 16, Batch=699] Train: loss=0.1548, lr=0.002
23:36:18,581 root INFO [Epoch 16, Batch=799] Train: loss=0.3245, lr=0.002
23:36:18,791 root INFO Start to validate epoch 16
23:36:19,373 root INFO Start to test epoch 16
23:36:20,430 root INFO Epoch 16, lr=0.002 | Train: acc=0.8355 | Val: acc=0.6480 | Test: acc=0.6314 | Time: this epoch 4.99s, elapsed 920.41s
23:36:20,431 root INFO Start to train epoch 17
23:36:21,325 root INFO [Epoch 17, Batch=99] Train: loss=0.0242, lr=0.002
23:36:21,830 root INFO [Epoch 17, Batch=199] Train: loss=0.0231, lr=0.002
23:36:22,264 root INFO [Epoch 17, Batch=299] Train: loss=0.0762, lr=0.002
23:36:22,593 root INFO [Epoch 17, Batch=399] Train: loss=0.1723, lr=0.002
23:36:22,873 root INFO [Epoch 17, Batch=499] Train: loss=0.1231, lr=0.002
23:36:23,110 root INFO [Epoch 17, Batch=599] Train: loss=0.1451, lr=0.002
23:36:23,330 root INFO [Epoch 17, Batch=699] Train: loss=0.1550, lr=0.002
23:36:23,527 root INFO [Epoch 17, Batch=799] Train: loss=0.3289, lr=0.002
23:36:23,720 root INFO Start to validate epoch 17
23:36:24,351 root INFO Start to test epoch 17
23:36:25,359 root INFO Epoch 17, lr=0.002 | Train: acc=0.8389 | Val: acc=0.6469 | Test: acc=0.6296 | Time: this epoch 4.93s, elapsed 925.34s
23:36:25,359 root INFO Start to train epoch 18
23:36:26,257 root INFO [Epoch 18, Batch=99] Train: loss=0.0227, lr=0.002
23:36:26,776 root INFO [Epoch 18, Batch=199] Train: loss=0.0213, lr=0.002
23:36:27,169 root INFO [Epoch 18, Batch=299] Train: loss=0.0733, lr=0.002
23:36:27,507 root INFO [Epoch 18, Batch=399] Train: loss=0.1739, lr=0.002
23:36:27,801 root INFO [Epoch 18, Batch=499] Train: loss=0.1239, lr=0.002
23:36:28,55 root INFO [Epoch 18, Batch=599] Train: loss=0.1350, lr=0.002
23:36:28,273 root INFO [Epoch 18, Batch=699] Train: loss=0.1552, lr=0.002
23:36:28,480 root INFO [Epoch 18, Batch=799] Train: loss=0.3328, lr=0.002
23:36:28,673 root INFO Start to validate epoch 18
23:36:29,265 root INFO Start to test epoch 18
23:36:30,348 root INFO Epoch 18, lr=0.002 | Train: acc=0.8421 | Val: acc=0.6423 | Test: acc=0.6262 | Time: this epoch 4.99s, elapsed 930.33s
23:36:30,348 root INFO Start to train epoch 19
23:36:31,276 root INFO [Epoch 19, Batch=99] Train: loss=0.0213, lr=0.002
23:36:31,794 root INFO [Epoch 19, Batch=199] Train: loss=0.0196, lr=0.002
23:36:32,207 root INFO [Epoch 19, Batch=299] Train: loss=0.0701, lr=0.002
23:36:32,555 root INFO [Epoch 19, Batch=399] Train: loss=0.1738, lr=0.002
23:36:32,864 root INFO [Epoch 19, Batch=499] Train: loss=0.1242, lr=0.002
23:36:33,108 root INFO [Epoch 19, Batch=599] Train: loss=0.1264, lr=0.002
23:36:33,333 root INFO [Epoch 19, Batch=699] Train: loss=0.1541, lr=0.002
23:36:33,657 root INFO [Epoch 19, Batch=799] Train: loss=0.3355, lr=0.002
23:36:33,917 root INFO Start to validate epoch 19
23:36:34,546 root INFO Start to test epoch 19
23:36:35,619 root INFO Epoch 19, lr=0.002 | Train: acc=0.8429 | Val: acc=0.6469 | Test: acc=0.6227 | Time: this epoch 5.27s, elapsed 935.60s
23:36:35,620 root INFO Best test acc=0.6478587985038757
23:36:35,620 root INFO Start to run five fold 4/5
23:36:35,620 root INFO Model initialized
23:36:35,939 root INFO Start to train epoch 0
23:36:36,834 root INFO [Epoch 0, Batch=99] Train: loss=0.2473, lr=0.002
23:36:37,515 root INFO [Epoch 0, Batch=199] Train: loss=0.2148, lr=0.002
23:36:38,337 root INFO [Epoch 0, Batch=299] Train: loss=0.4459, lr=0.002
23:36:38,967 root INFO [Epoch 0, Batch=399] Train: loss=0.3713, lr=0.002
23:36:39,393 root INFO [Epoch 0, Batch=499] Train: loss=0.1354, lr=0.002
23:36:39,833 root INFO [Epoch 0, Batch=599] Train: loss=0.3416, lr=0.002
23:36:40,187 root INFO [Epoch 0, Batch=699] Train: loss=0.1651, lr=0.002
23:36:40,517 root INFO [Epoch 0, Batch=799] Train: loss=0.2499, lr=0.002
23:36:40,946 root INFO [Epoch 0, Batch=899] Train: loss=0.1787, lr=0.002
23:36:41,21 root INFO Start to validate epoch 0
23:36:42,294 root INFO Start to test epoch 0
23:36:43,903 root INFO Epoch 00, lr=0.002 | Train: acc=0.5830 | Val: acc=0.5174 | Test: acc=0.5504 | Time: this epoch 7.96s, elapsed 943.88s
23:36:44,96 root INFO [info] Save model after epoch 0

23:36:44,96 root INFO Start to train epoch 1
23:36:45,246 root INFO [Epoch 1, Batch=99] Train: loss=0.1632, lr=0.002
23:36:46,143 root INFO [Epoch 1, Batch=199] Train: loss=0.1345, lr=0.002
23:36:46,897 root INFO [Epoch 1, Batch=299] Train: loss=0.4344, lr=0.002
23:36:47,235 root INFO [Epoch 1, Batch=399] Train: loss=0.3519, lr=0.002
23:36:47,514 root INFO [Epoch 1, Batch=499] Train: loss=0.1742, lr=0.002
23:36:47,800 root INFO [Epoch 1, Batch=599] Train: loss=0.2275, lr=0.002
23:36:48,26 root INFO [Epoch 1, Batch=699] Train: loss=0.1663, lr=0.002
23:36:48,232 root INFO [Epoch 1, Batch=799] Train: loss=0.2809, lr=0.002
23:36:48,425 root INFO [Epoch 1, Batch=899] Train: loss=0.1485, lr=0.002
23:36:48,465 root INFO Start to validate epoch 1
23:36:49,105 root INFO Start to test epoch 1
23:36:50,33 root INFO Epoch 01, lr=0.002 | Train: acc=0.6573 | Val: acc=0.5619 | Test: acc=0.5649 | Time: this epoch 5.94s, elapsed 950.01s
23:36:50,42 root INFO [info] Save model after epoch 1

23:36:50,42 root INFO Start to train epoch 2
23:36:51,198 root INFO [Epoch 2, Batch=99] Train: loss=0.0856, lr=0.002
23:36:51,967 root INFO [Epoch 2, Batch=199] Train: loss=0.0941, lr=0.002
23:36:52,562 root INFO [Epoch 2, Batch=299] Train: loss=0.4251, lr=0.002
23:36:53,99 root INFO [Epoch 2, Batch=399] Train: loss=0.3551, lr=0.002
23:36:53,625 root INFO [Epoch 2, Batch=499] Train: loss=0.1663, lr=0.002
23:36:54,90 root INFO [Epoch 2, Batch=599] Train: loss=0.1880, lr=0.002
23:36:54,544 root INFO [Epoch 2, Batch=699] Train: loss=0.1658, lr=0.002
23:36:54,813 root INFO [Epoch 2, Batch=799] Train: loss=0.2915, lr=0.002
23:36:55,176 root INFO [Epoch 2, Batch=899] Train: loss=0.1609, lr=0.002
23:36:55,251 root INFO Start to validate epoch 2
23:36:56,259 root INFO Start to test epoch 2
23:36:57,689 root INFO Epoch 02, lr=0.002 | Train: acc=0.7006 | Val: acc=0.5841 | Test: acc=0.5911 | Time: this epoch 7.65s, elapsed 957.67s
23:36:57,699 root INFO [info] Save model after epoch 2

23:36:57,700 root INFO Start to train epoch 3
23:36:58,732 root INFO [Epoch 3, Batch=99] Train: loss=0.0665, lr=0.002
23:36:59,253 root INFO [Epoch 3, Batch=199] Train: loss=0.0824, lr=0.002
23:36:59,653 root INFO [Epoch 3, Batch=299] Train: loss=0.4224, lr=0.002
23:36:59,997 root INFO [Epoch 3, Batch=399] Train: loss=0.3562, lr=0.002
23:37:00,307 root INFO [Epoch 3, Batch=499] Train: loss=0.1662, lr=0.002
23:37:00,546 root INFO [Epoch 3, Batch=599] Train: loss=0.1789, lr=0.002
23:37:00,776 root INFO [Epoch 3, Batch=699] Train: loss=0.1604, lr=0.002
23:37:00,980 root INFO [Epoch 3, Batch=799] Train: loss=0.2292, lr=0.002
23:37:01,176 root INFO [Epoch 3, Batch=899] Train: loss=0.1378, lr=0.002
23:37:01,223 root INFO Start to validate epoch 3
23:37:01,833 root INFO Start to test epoch 3
23:37:02,791 root INFO Epoch 03, lr=0.002 | Train: acc=0.7131 | Val: acc=0.5870 | Test: acc=0.6221 | Time: this epoch 5.09s, elapsed 962.77s
23:37:02,800 root INFO [info] Save model after epoch 3

23:37:02,801 root INFO Start to train epoch 4
23:37:03,733 root INFO [Epoch 4, Batch=99] Train: loss=0.0586, lr=0.002
23:37:04,257 root INFO [Epoch 4, Batch=199] Train: loss=0.0726, lr=0.002
23:37:04,676 root INFO [Epoch 4, Batch=299] Train: loss=0.4166, lr=0.002
23:37:05,30 root INFO [Epoch 4, Batch=399] Train: loss=0.3455, lr=0.002
23:37:05,357 root INFO [Epoch 4, Batch=499] Train: loss=0.1683, lr=0.002
23:37:05,602 root INFO [Epoch 4, Batch=599] Train: loss=0.1761, lr=0.002
23:37:05,856 root INFO [Epoch 4, Batch=699] Train: loss=0.1537, lr=0.002
23:37:06,69 root INFO [Epoch 4, Batch=799] Train: loss=0.1938, lr=0.002
23:37:06,263 root INFO [Epoch 4, Batch=899] Train: loss=0.1166, lr=0.002
23:37:06,310 root INFO Start to validate epoch 4
23:37:06,949 root INFO Start to test epoch 4
23:37:07,891 root INFO Epoch 04, lr=0.002 | Train: acc=0.7253 | Val: acc=0.6015 | Test: acc=0.6347 | Time: this epoch 5.09s, elapsed 967.87s
23:37:07,900 root INFO [info] Save model after epoch 4

23:37:07,900 root INFO Start to train epoch 5
23:37:09,213 root INFO [Epoch 5, Batch=99] Train: loss=0.0544, lr=0.002
23:37:09,982 root INFO [Epoch 5, Batch=199] Train: loss=0.0648, lr=0.002
23:37:10,522 root INFO [Epoch 5, Batch=299] Train: loss=0.4100, lr=0.002
23:37:11,117 root INFO [Epoch 5, Batch=399] Train: loss=0.3312, lr=0.002
23:37:11,597 root INFO [Epoch 5, Batch=499] Train: loss=0.1714, lr=0.002
23:37:11,985 root INFO [Epoch 5, Batch=599] Train: loss=0.1740, lr=0.002
23:37:12,438 root INFO [Epoch 5, Batch=699] Train: loss=0.1476, lr=0.002
23:37:12,742 root INFO [Epoch 5, Batch=799] Train: loss=0.1735, lr=0.002
23:37:13,55 root INFO [Epoch 5, Batch=899] Train: loss=0.1025, lr=0.002
23:37:13,104 root INFO Start to validate epoch 5
23:37:14,58 root INFO Start to test epoch 5
23:37:15,431 root INFO Epoch 05, lr=0.002 | Train: acc=0.7381 | Val: acc=0.6148 | Test: acc=0.6434 | Time: this epoch 7.53s, elapsed 975.41s
23:37:15,441 root INFO [info] Save model after epoch 5

23:37:15,441 root INFO Start to train epoch 6
23:37:16,576 root INFO [Epoch 6, Batch=99] Train: loss=0.0503, lr=0.002
23:37:17,522 root INFO [Epoch 6, Batch=199] Train: loss=0.0596, lr=0.002
23:37:18,224 root INFO [Epoch 6, Batch=299] Train: loss=0.4044, lr=0.002
23:37:18,994 root INFO [Epoch 6, Batch=399] Train: loss=0.3150, lr=0.002
23:37:19,422 root INFO [Epoch 6, Batch=499] Train: loss=0.1739, lr=0.002
23:37:19,862 root INFO [Epoch 6, Batch=599] Train: loss=0.1733, lr=0.002
23:37:20,259 root INFO [Epoch 6, Batch=699] Train: loss=0.1418, lr=0.002
23:37:20,664 root INFO [Epoch 6, Batch=799] Train: loss=0.1616, lr=0.002
23:37:21,7 root INFO [Epoch 6, Batch=899] Train: loss=0.0932, lr=0.002
23:37:21,452 root INFO Start to validate epoch 6
23:37:27,947 root INFO Start to test epoch 6
23:37:33,651 root INFO Epoch 06, lr=0.002 | Train: acc=0.7453 | Val: acc=0.6248 | Test: acc=0.6415 | Time: this epoch 18.21s, elapsed 993.63s
23:37:33,702 root INFO [info] Save model after epoch 6

23:37:33,702 root INFO Start to train epoch 7
23:37:37,657 root INFO [Epoch 7, Batch=99] Train: loss=0.0465, lr=0.002
23:37:40,710 root INFO [Epoch 7, Batch=199] Train: loss=0.0557, lr=0.002
23:37:43,558 root INFO [Epoch 7, Batch=299] Train: loss=0.4001, lr=0.002
23:37:45,481 root INFO [Epoch 7, Batch=399] Train: loss=0.2992, lr=0.002
23:37:47,302 root INFO [Epoch 7, Batch=499] Train: loss=0.1730, lr=0.002
23:37:49,182 root INFO [Epoch 7, Batch=599] Train: loss=0.1722, lr=0.002
23:37:50,798 root INFO [Epoch 7, Batch=699] Train: loss=0.1355, lr=0.002
23:37:52,273 root INFO [Epoch 7, Batch=799] Train: loss=0.1531, lr=0.002
23:37:54,19 root INFO [Epoch 7, Batch=899] Train: loss=0.0863, lr=0.002
23:37:54,77 root INFO Start to validate epoch 7
23:37:55,606 root INFO Start to test epoch 7
23:37:57,281 root INFO Epoch 07, lr=0.002 | Train: acc=0.7517 | Val: acc=0.6293 | Test: acc=0.6366 | Time: this epoch 23.58s, elapsed 1017.26s
23:37:57,290 root INFO [info] Save model after epoch 7

23:37:57,290 root INFO Start to train epoch 8
23:37:58,196 root INFO [Epoch 8, Batch=99] Train: loss=0.0431, lr=0.002
23:37:58,704 root INFO [Epoch 8, Batch=199] Train: loss=0.0524, lr=0.002
23:37:59,120 root INFO [Epoch 8, Batch=299] Train: loss=0.3977, lr=0.002
23:37:59,464 root INFO [Epoch 8, Batch=399] Train: loss=0.2834, lr=0.002
23:37:59,758 root INFO [Epoch 8, Batch=499] Train: loss=0.1707, lr=0.002
23:37:59,994 root INFO [Epoch 8, Batch=599] Train: loss=0.1704, lr=0.002
23:38:00,219 root INFO [Epoch 8, Batch=699] Train: loss=0.1299, lr=0.002
23:38:00,435 root INFO [Epoch 8, Batch=799] Train: loss=0.1465, lr=0.002
23:38:00,627 root INFO [Epoch 8, Batch=899] Train: loss=0.0804, lr=0.002
23:38:00,667 root INFO Start to validate epoch 8
23:38:01,308 root INFO Start to test epoch 8
23:38:02,254 root INFO Epoch 08, lr=0.002 | Train: acc=0.7586 | Val: acc=0.6296 | Test: acc=0.6308 | Time: this epoch 4.96s, elapsed 1022.23s
23:38:02,263 root INFO [info] Save model after epoch 8

23:38:02,263 root INFO Start to train epoch 9
23:38:03,148 root INFO [Epoch 9, Batch=99] Train: loss=0.0397, lr=0.002
23:38:03,651 root INFO [Epoch 9, Batch=199] Train: loss=0.0501, lr=0.002
23:38:04,54 root INFO [Epoch 9, Batch=299] Train: loss=0.3965, lr=0.002
23:38:04,393 root INFO [Epoch 9, Batch=399] Train: loss=0.2658, lr=0.002
23:38:04,683 root INFO [Epoch 9, Batch=499] Train: loss=0.1695, lr=0.002
23:38:04,921 root INFO [Epoch 9, Batch=599] Train: loss=0.1687, lr=0.002
23:38:05,141 root INFO [Epoch 9, Batch=699] Train: loss=0.1247, lr=0.002
23:38:05,344 root INFO [Epoch 9, Batch=799] Train: loss=0.1409, lr=0.002
23:38:05,543 root INFO [Epoch 9, Batch=899] Train: loss=0.0756, lr=0.002
23:38:05,590 root INFO Start to validate epoch 9
23:38:06,210 root INFO Start to test epoch 9
23:38:07,118 root INFO Epoch 09, lr=0.002 | Train: acc=0.7666 | Val: acc=0.6307 | Test: acc=0.6269 | Time: this epoch 4.85s, elapsed 1027.10s
23:38:07,161 root INFO [info] Save model after epoch 9

23:38:07,161 root INFO Start to train epoch 10
23:38:08,211 root INFO [Epoch 10, Batch=99] Train: loss=0.0367, lr=0.002
23:38:08,920 root INFO [Epoch 10, Batch=199] Train: loss=0.0483, lr=0.002
23:38:09,568 root INFO [Epoch 10, Batch=299] Train: loss=0.3962, lr=0.002
23:38:10,55 root INFO [Epoch 10, Batch=399] Train: loss=0.2486, lr=0.002
23:38:10,458 root INFO [Epoch 10, Batch=499] Train: loss=0.1694, lr=0.002
23:38:10,789 root INFO [Epoch 10, Batch=599] Train: loss=0.1673, lr=0.002
23:38:11,126 root INFO [Epoch 10, Batch=699] Train: loss=0.1195, lr=0.002
23:38:11,338 root INFO [Epoch 10, Batch=799] Train: loss=0.1361, lr=0.002
23:38:11,533 root INFO [Epoch 10, Batch=899] Train: loss=0.0721, lr=0.002
23:38:11,603 root INFO Start to validate epoch 10
23:38:12,350 root INFO Start to test epoch 10
23:38:13,671 root INFO Epoch 10, lr=0.002 | Train: acc=0.7703 | Val: acc=0.6274 | Test: acc=0.6240 | Time: this epoch 6.51s, elapsed 1033.65s
23:38:13,672 root INFO Start to train epoch 11
23:38:14,571 root INFO [Epoch 11, Batch=99] Train: loss=0.0342, lr=0.002
23:38:15,40 root INFO [Epoch 11, Batch=199] Train: loss=0.0466, lr=0.002
23:38:15,418 root INFO [Epoch 11, Batch=299] Train: loss=0.3965, lr=0.002
23:38:15,727 root INFO [Epoch 11, Batch=399] Train: loss=0.2323, lr=0.002
23:38:15,986 root INFO [Epoch 11, Batch=499] Train: loss=0.1706, lr=0.002
23:38:16,237 root INFO [Epoch 11, Batch=599] Train: loss=0.1660, lr=0.002
23:38:16,451 root INFO [Epoch 11, Batch=699] Train: loss=0.1141, lr=0.002
23:38:16,667 root INFO [Epoch 11, Batch=799] Train: loss=0.1320, lr=0.002
23:38:16,858 root INFO [Epoch 11, Batch=899] Train: loss=0.0700, lr=0.002
23:38:16,904 root INFO Start to validate epoch 11
23:38:17,507 root INFO Start to test epoch 11
23:38:18,448 root INFO Epoch 11, lr=0.002 | Train: acc=0.7747 | Val: acc=0.6330 | Test: acc=0.6221 | Time: this epoch 4.78s, elapsed 1038.43s
23:38:18,458 root INFO [info] Save model after epoch 11

23:38:18,458 root INFO Start to train epoch 12
23:38:19,353 root INFO [Epoch 12, Batch=99] Train: loss=0.0322, lr=0.002
23:38:19,855 root INFO [Epoch 12, Batch=199] Train: loss=0.0450, lr=0.002
23:38:20,270 root INFO [Epoch 12, Batch=299] Train: loss=0.3969, lr=0.002
23:38:20,610 root INFO [Epoch 12, Batch=399] Train: loss=0.2186, lr=0.002
23:38:20,904 root INFO [Epoch 12, Batch=499] Train: loss=0.1722, lr=0.002
23:38:21,141 root INFO [Epoch 12, Batch=599] Train: loss=0.1658, lr=0.002
23:38:21,395 root INFO [Epoch 12, Batch=699] Train: loss=0.1090, lr=0.002
23:38:21,594 root INFO [Epoch 12, Batch=799] Train: loss=0.1282, lr=0.002
23:38:21,789 root INFO [Epoch 12, Batch=899] Train: loss=0.0692, lr=0.002
23:38:21,861 root INFO Start to validate epoch 12
23:38:22,461 root INFO Start to test epoch 12
23:38:23,373 root INFO Epoch 12, lr=0.002 | Train: acc=0.7758 | Val: acc=0.6285 | Test: acc=0.6231 | Time: this epoch 4.92s, elapsed 1043.35s
23:38:23,374 root INFO Start to train epoch 13
23:38:24,247 root INFO [Epoch 13, Batch=99] Train: loss=0.0304, lr=0.002
23:38:24,751 root INFO [Epoch 13, Batch=199] Train: loss=0.0432, lr=0.002
23:38:25,164 root INFO [Epoch 13, Batch=299] Train: loss=0.3973, lr=0.002
23:38:25,492 root INFO [Epoch 13, Batch=399] Train: loss=0.2075, lr=0.002
23:38:25,779 root INFO [Epoch 13, Batch=499] Train: loss=0.1742, lr=0.002
23:38:26,24 root INFO [Epoch 13, Batch=599] Train: loss=0.1654, lr=0.002
23:38:26,286 root INFO [Epoch 13, Batch=699] Train: loss=0.1035, lr=0.002
23:38:26,491 root INFO [Epoch 13, Batch=799] Train: loss=0.1248, lr=0.002
23:38:26,684 root INFO [Epoch 13, Batch=899] Train: loss=0.0699, lr=0.002
23:38:26,730 root INFO Start to validate epoch 13
23:38:27,332 root INFO Start to test epoch 13
23:38:28,264 root INFO Epoch 13, lr=0.002 | Train: acc=0.7811 | Val: acc=0.6207 | Test: acc=0.6202 | Time: this epoch 4.89s, elapsed 1048.24s
23:38:28,265 root INFO Start to train epoch 14
23:38:29,145 root INFO [Epoch 14, Batch=99] Train: loss=0.0287, lr=0.002
23:38:29,647 root INFO [Epoch 14, Batch=199] Train: loss=0.0416, lr=0.002
23:38:30,50 root INFO [Epoch 14, Batch=299] Train: loss=0.3973, lr=0.002
23:38:30,389 root INFO [Epoch 14, Batch=399] Train: loss=0.1967, lr=0.002
23:38:30,673 root INFO [Epoch 14, Batch=499] Train: loss=0.1771, lr=0.002
23:38:30,916 root INFO [Epoch 14, Batch=599] Train: loss=0.1654, lr=0.002
23:38:31,177 root INFO [Epoch 14, Batch=699] Train: loss=0.0993, lr=0.002
23:38:31,394 root INFO [Epoch 14, Batch=799] Train: loss=0.1225, lr=0.002
23:38:31,585 root INFO [Epoch 14, Batch=899] Train: loss=0.0713, lr=0.002
23:38:31,630 root INFO Start to validate epoch 14
23:38:32,262 root INFO Start to test epoch 14
23:38:33,195 root INFO Epoch 14, lr=0.002 | Train: acc=0.7833 | Val: acc=0.6244 | Test: acc=0.6192 | Time: this epoch 4.93s, elapsed 1053.18s
23:38:33,196 root INFO Start to train epoch 15
23:38:34,77 root INFO [Epoch 15, Batch=99] Train: loss=0.0272, lr=0.002
23:38:34,577 root INFO [Epoch 15, Batch=199] Train: loss=0.0403, lr=0.002
23:38:34,984 root INFO [Epoch 15, Batch=299] Train: loss=0.3971, lr=0.002
23:38:35,301 root INFO [Epoch 15, Batch=399] Train: loss=0.1869, lr=0.002
23:38:35,591 root INFO [Epoch 15, Batch=499] Train: loss=0.1806, lr=0.002
23:38:35,840 root INFO [Epoch 15, Batch=599] Train: loss=0.1656, lr=0.002
23:38:36,67 root INFO [Epoch 15, Batch=699] Train: loss=0.0947, lr=0.002
23:38:36,288 root INFO [Epoch 15, Batch=799] Train: loss=0.1204, lr=0.002
23:38:36,479 root INFO [Epoch 15, Batch=899] Train: loss=0.0728, lr=0.002
23:38:36,545 root INFO Start to validate epoch 15
23:38:37,196 root INFO Start to test epoch 15
23:38:38,120 root INFO Epoch 15, lr=0.002 | Train: acc=0.7866 | Val: acc=0.6196 | Test: acc=0.6182 | Time: this epoch 4.92s, elapsed 1058.10s
23:38:38,120 root INFO Start to train epoch 16
23:38:39,9 root INFO [Epoch 16, Batch=99] Train: loss=0.0259, lr=0.002
23:38:39,517 root INFO [Epoch 16, Batch=199] Train: loss=0.0390, lr=0.002
23:38:39,918 root INFO [Epoch 16, Batch=299] Train: loss=0.3963, lr=0.002
23:38:40,255 root INFO [Epoch 16, Batch=399] Train: loss=0.1789, lr=0.002
23:38:40,539 root INFO [Epoch 16, Batch=499] Train: loss=0.1834, lr=0.002
23:38:40,792 root INFO [Epoch 16, Batch=599] Train: loss=0.1658, lr=0.002
23:38:41,25 root INFO [Epoch 16, Batch=699] Train: loss=0.0905, lr=0.002
23:38:41,233 root INFO [Epoch 16, Batch=799] Train: loss=0.1188, lr=0.002
23:38:41,426 root INFO [Epoch 16, Batch=899] Train: loss=0.0741, lr=0.002
23:38:41,473 root INFO Start to validate epoch 16
23:38:42,116 root INFO Start to test epoch 16
23:38:43,48 root INFO Epoch 16, lr=0.002 | Train: acc=0.7905 | Val: acc=0.6163 | Test: acc=0.6163 | Time: this epoch 4.93s, elapsed 1063.03s
23:38:43,49 root INFO Start to train epoch 17
23:38:43,932 root INFO [Epoch 17, Batch=99] Train: loss=0.0247, lr=0.002
23:38:44,428 root INFO [Epoch 17, Batch=199] Train: loss=0.0378, lr=0.002
23:38:44,838 root INFO [Epoch 17, Batch=299] Train: loss=0.3951, lr=0.002
23:38:45,169 root INFO [Epoch 17, Batch=399] Train: loss=0.1715, lr=0.002
23:38:45,448 root INFO [Epoch 17, Batch=499] Train: loss=0.1853, lr=0.002
23:38:45,684 root INFO [Epoch 17, Batch=599] Train: loss=0.1660, lr=0.002
23:38:45,909 root INFO [Epoch 17, Batch=699] Train: loss=0.0871, lr=0.002
23:38:46,112 root INFO [Epoch 17, Batch=799] Train: loss=0.1181, lr=0.002
23:38:46,301 root INFO [Epoch 17, Batch=899] Train: loss=0.0754, lr=0.002
23:38:46,345 root INFO Start to validate epoch 17
23:38:46,984 root INFO Start to test epoch 17
23:38:47,926 root INFO Epoch 17, lr=0.002 | Train: acc=0.7933 | Val: acc=0.6130 | Test: acc=0.6202 | Time: this epoch 4.88s, elapsed 1067.91s
23:38:47,927 root INFO Start to train epoch 18
23:38:48,805 root INFO [Epoch 18, Batch=99] Train: loss=0.0237, lr=0.002
23:38:49,306 root INFO [Epoch 18, Batch=199] Train: loss=0.0366, lr=0.002
23:38:49,723 root INFO [Epoch 18, Batch=299] Train: loss=0.3942, lr=0.002
23:38:50,67 root INFO [Epoch 18, Batch=399] Train: loss=0.1653, lr=0.002
23:38:50,359 root INFO [Epoch 18, Batch=499] Train: loss=0.1861, lr=0.002
23:38:50,607 root INFO [Epoch 18, Batch=599] Train: loss=0.1657, lr=0.002
23:38:50,823 root INFO [Epoch 18, Batch=699] Train: loss=0.0842, lr=0.002
23:38:51,28 root INFO [Epoch 18, Batch=799] Train: loss=0.1182, lr=0.002
23:38:51,218 root INFO [Epoch 18, Batch=899] Train: loss=0.0767, lr=0.002
23:38:51,286 root INFO Start to validate epoch 18
23:38:51,901 root INFO Start to test epoch 18
23:38:52,830 root INFO Epoch 18, lr=0.002 | Train: acc=0.7972 | Val: acc=0.6119 | Test: acc=0.6211 | Time: this epoch 4.90s, elapsed 1072.81s
23:38:52,831 root INFO Start to train epoch 19
23:38:53,728 root INFO [Epoch 19, Batch=99] Train: loss=0.0229, lr=0.002
23:38:54,236 root INFO [Epoch 19, Batch=199] Train: loss=0.0356, lr=0.002
23:38:54,644 root INFO [Epoch 19, Batch=299] Train: loss=0.3937, lr=0.002
23:38:54,993 root INFO [Epoch 19, Batch=399] Train: loss=0.1600, lr=0.002
23:38:55,288 root INFO [Epoch 19, Batch=499] Train: loss=0.1860, lr=0.002
23:38:55,532 root INFO [Epoch 19, Batch=599] Train: loss=0.1648, lr=0.002
23:38:55,754 root INFO [Epoch 19, Batch=699] Train: loss=0.0820, lr=0.002
23:38:55,959 root INFO [Epoch 19, Batch=799] Train: loss=0.1187, lr=0.002
23:38:56,156 root INFO [Epoch 19, Batch=899] Train: loss=0.0780, lr=0.002
23:38:56,226 root INFO Start to validate epoch 19
23:38:56,881 root INFO Start to test epoch 19
23:38:57,829 root INFO Epoch 19, lr=0.002 | Train: acc=0.7997 | Val: acc=0.6130 | Test: acc=0.6211 | Time: this epoch 5.00s, elapsed 1077.81s
23:38:57,830 root INFO Best test acc=0.643410861492157
23:38:57,830 root INFO Start to run five fold 5/5
23:38:57,830 root INFO Model initialized
23:38:58,31 root INFO Start to train epoch 0
23:38:58,873 root INFO [Epoch 0, Batch=99] Train: loss=0.5048, lr=0.002
23:38:59,363 root INFO [Epoch 0, Batch=199] Train: loss=0.2052, lr=0.002
23:38:59,739 root INFO [Epoch 0, Batch=299] Train: loss=0.3539, lr=0.002
23:39:00,55 root INFO [Epoch 0, Batch=399] Train: loss=0.2791, lr=0.002
23:39:00,325 root INFO [Epoch 0, Batch=499] Train: loss=0.0967, lr=0.002
23:39:00,562 root INFO [Epoch 0, Batch=599] Train: loss=0.1406, lr=0.002
23:39:00,767 root INFO [Epoch 0, Batch=699] Train: loss=0.2213, lr=0.002
23:39:00,964 root INFO [Epoch 0, Batch=799] Train: loss=0.1291, lr=0.002
23:39:01,116 root INFO Start to validate epoch 0
23:39:01,771 root INFO Start to test epoch 0
23:39:02,930 root INFO Epoch 00, lr=0.002 | Train: acc=0.5768 | Val: acc=0.5767 | Test: acc=0.4614 | Time: this epoch 4.90s, elapsed 1082.91s
23:39:02,939 root INFO [info] Save model after epoch 0

23:39:02,939 root INFO Start to train epoch 1
23:39:03,773 root INFO [Epoch 1, Batch=99] Train: loss=0.3118, lr=0.002
23:39:04,268 root INFO [Epoch 1, Batch=199] Train: loss=0.1729, lr=0.002
23:39:04,648 root INFO [Epoch 1, Batch=299] Train: loss=0.2681, lr=0.002
23:39:04,952 root INFO [Epoch 1, Batch=399] Train: loss=0.2940, lr=0.002
23:39:05,213 root INFO [Epoch 1, Batch=499] Train: loss=0.0702, lr=0.002
23:39:05,448 root INFO [Epoch 1, Batch=599] Train: loss=0.1197, lr=0.002
23:39:05,661 root INFO [Epoch 1, Batch=699] Train: loss=0.2249, lr=0.002
23:39:05,868 root INFO [Epoch 1, Batch=799] Train: loss=0.1027, lr=0.002
23:39:06,21 root INFO Start to validate epoch 1
23:39:06,681 root INFO Start to test epoch 1
23:39:07,813 root INFO Epoch 01, lr=0.002 | Train: acc=0.6534 | Val: acc=0.5942 | Test: acc=0.5249 | Time: this epoch 4.87s, elapsed 1087.79s
23:39:07,822 root INFO [info] Save model after epoch 1

23:39:07,822 root INFO Start to train epoch 2
23:39:08,775 root INFO [Epoch 2, Batch=99] Train: loss=0.2494, lr=0.002
23:39:09,270 root INFO [Epoch 2, Batch=199] Train: loss=0.1926, lr=0.002
23:39:09,651 root INFO [Epoch 2, Batch=299] Train: loss=0.2612, lr=0.002
23:39:10,196 root INFO [Epoch 2, Batch=399] Train: loss=0.3196, lr=0.002
23:39:10,491 root INFO [Epoch 2, Batch=499] Train: loss=0.0563, lr=0.002
23:39:10,823 root INFO [Epoch 2, Batch=599] Train: loss=0.1238, lr=0.002
23:39:11,147 root INFO [Epoch 2, Batch=699] Train: loss=0.2339, lr=0.002
23:39:11,433 root INFO [Epoch 2, Batch=799] Train: loss=0.0879, lr=0.002
23:39:11,693 root INFO Start to validate epoch 2
23:39:12,373 root INFO Start to test epoch 2
23:39:13,592 root INFO Epoch 02, lr=0.002 | Train: acc=0.6836 | Val: acc=0.6081 | Test: acc=0.5378 | Time: this epoch 5.77s, elapsed 1093.57s
23:39:13,695 root INFO [info] Save model after epoch 2

23:39:13,695 root INFO Start to train epoch 3
23:39:15,136 root INFO [Epoch 3, Batch=99] Train: loss=0.2318, lr=0.002
23:39:16,15 root INFO [Epoch 3, Batch=199] Train: loss=0.2205, lr=0.002
23:39:16,759 root INFO [Epoch 3, Batch=299] Train: loss=0.2363, lr=0.002
23:39:17,234 root INFO [Epoch 3, Batch=399] Train: loss=0.3396, lr=0.002
23:39:17,828 root INFO [Epoch 3, Batch=499] Train: loss=0.0489, lr=0.002
23:39:18,528 root INFO [Epoch 3, Batch=599] Train: loss=0.1253, lr=0.002
23:39:18,860 root INFO [Epoch 3, Batch=699] Train: loss=0.2380, lr=0.002
23:39:19,272 root INFO [Epoch 3, Batch=799] Train: loss=0.0821, lr=0.002
23:39:19,620 root INFO Start to validate epoch 3
23:39:21,4 root INFO Start to test epoch 3
23:39:23,365 root INFO Epoch 03, lr=0.002 | Train: acc=0.7052 | Val: acc=0.6186 | Test: acc=0.5563 | Time: this epoch 9.67s, elapsed 1103.34s
23:39:23,374 root INFO [info] Save model after epoch 3

23:39:23,374 root INFO Start to train epoch 4
23:39:24,386 root INFO [Epoch 4, Batch=99] Train: loss=0.2117, lr=0.002
23:39:25,209 root INFO [Epoch 4, Batch=199] Train: loss=0.2470, lr=0.002
23:39:26,48 root INFO [Epoch 4, Batch=299] Train: loss=0.2138, lr=0.002
23:39:26,472 root INFO [Epoch 4, Batch=399] Train: loss=0.3470, lr=0.002
23:39:26,907 root INFO [Epoch 4, Batch=499] Train: loss=0.0443, lr=0.002
23:39:27,342 root INFO [Epoch 4, Batch=599] Train: loss=0.1269, lr=0.002
23:39:27,944 root INFO [Epoch 4, Batch=699] Train: loss=0.2389, lr=0.002
23:39:28,405 root INFO [Epoch 4, Batch=799] Train: loss=0.0791, lr=0.002
23:39:28,714 root INFO Start to validate epoch 4
23:39:29,916 root INFO Start to test epoch 4
23:39:31,854 root INFO Epoch 04, lr=0.002 | Train: acc=0.7235 | Val: acc=0.6128 | Test: acc=0.5740 | Time: this epoch 8.48s, elapsed 1111.83s
23:39:31,854 root INFO Start to train epoch 5
23:39:32,902 root INFO [Epoch 5, Batch=99] Train: loss=0.2046, lr=0.002
23:39:33,405 root INFO [Epoch 5, Batch=199] Train: loss=0.2688, lr=0.002
23:39:33,776 root INFO [Epoch 5, Batch=299] Train: loss=0.1962, lr=0.002
23:39:34,102 root INFO [Epoch 5, Batch=399] Train: loss=0.3496, lr=0.002
23:39:34,372 root INFO [Epoch 5, Batch=499] Train: loss=0.0406, lr=0.002
23:39:34,611 root INFO [Epoch 5, Batch=599] Train: loss=0.1268, lr=0.002
23:39:34,817 root INFO [Epoch 5, Batch=699] Train: loss=0.2385, lr=0.002
23:39:35,15 root INFO [Epoch 5, Batch=799] Train: loss=0.0772, lr=0.002
23:39:35,169 root INFO Start to validate epoch 5
23:39:35,824 root INFO Start to test epoch 5
23:39:36,952 root INFO Epoch 05, lr=0.002 | Train: acc=0.7285 | Val: acc=0.6128 | Test: acc=0.5844 | Time: this epoch 5.10s, elapsed 1116.93s
23:39:36,952 root INFO Start to train epoch 6
23:39:37,800 root INFO [Epoch 6, Batch=99] Train: loss=0.2041, lr=0.002
23:39:38,303 root INFO [Epoch 6, Batch=199] Train: loss=0.2826, lr=0.002
23:39:38,684 root INFO [Epoch 6, Batch=299] Train: loss=0.1822, lr=0.002
23:39:38,995 root INFO [Epoch 6, Batch=399] Train: loss=0.3486, lr=0.002
23:39:39,271 root INFO [Epoch 6, Batch=499] Train: loss=0.0384, lr=0.002
23:39:39,496 root INFO [Epoch 6, Batch=599] Train: loss=0.1258, lr=0.002
23:39:39,716 root INFO [Epoch 6, Batch=699] Train: loss=0.2368, lr=0.002
23:39:39,916 root INFO [Epoch 6, Batch=799] Train: loss=0.0758, lr=0.002
23:39:40,68 root INFO Start to validate epoch 6
23:39:40,730 root INFO Start to test epoch 6
23:39:41,831 root INFO Epoch 06, lr=0.002 | Train: acc=0.7378 | Val: acc=0.6081 | Test: acc=0.5852 | Time: this epoch 4.88s, elapsed 1121.81s
23:39:41,832 root INFO Start to train epoch 7
23:39:42,668 root INFO [Epoch 7, Batch=99] Train: loss=0.2035, lr=0.002
23:39:43,150 root INFO [Epoch 7, Batch=199] Train: loss=0.2903, lr=0.002
23:39:43,535 root INFO [Epoch 7, Batch=299] Train: loss=0.1705, lr=0.002
23:39:43,830 root INFO [Epoch 7, Batch=399] Train: loss=0.3447, lr=0.002
23:39:44,95 root INFO [Epoch 7, Batch=499] Train: loss=0.0372, lr=0.002
23:39:44,344 root INFO [Epoch 7, Batch=599] Train: loss=0.1236, lr=0.002
23:39:44,567 root INFO [Epoch 7, Batch=699] Train: loss=0.2335, lr=0.002
23:39:44,763 root INFO [Epoch 7, Batch=799] Train: loss=0.0745, lr=0.002
23:39:44,915 root INFO Start to validate epoch 7
23:39:45,557 root INFO Start to test epoch 7
23:39:46,684 root INFO Epoch 07, lr=0.002 | Train: acc=0.7459 | Val: acc=0.5988 | Test: acc=0.5804 | Time: this epoch 4.85s, elapsed 1126.66s
23:39:46,685 root INFO Start to train epoch 8
23:39:47,521 root INFO [Epoch 8, Batch=99] Train: loss=0.2018, lr=0.002
23:39:48,11 root INFO [Epoch 8, Batch=199] Train: loss=0.2941, lr=0.002
23:39:48,395 root INFO [Epoch 8, Batch=299] Train: loss=0.1600, lr=0.002
23:39:48,956 root INFO [Epoch 8, Batch=399] Train: loss=0.3394, lr=0.002
23:39:49,513 root INFO [Epoch 8, Batch=499] Train: loss=0.0360, lr=0.002
23:39:49,993 root INFO [Epoch 8, Batch=599] Train: loss=0.1198, lr=0.002
23:39:50,405 root INFO [Epoch 8, Batch=699] Train: loss=0.2293, lr=0.002
23:39:50,729 root INFO [Epoch 8, Batch=799] Train: loss=0.0732, lr=0.002
23:39:50,938 root INFO Start to validate epoch 8
23:39:51,627 root INFO Start to test epoch 8
23:39:53,200 root INFO Epoch 08, lr=0.002 | Train: acc=0.7503 | Val: acc=0.5895 | Test: acc=0.5764 | Time: this epoch 6.51s, elapsed 1133.18s
23:39:53,200 root INFO Start to train epoch 9
23:39:54,286 root INFO [Epoch 9, Batch=99] Train: loss=0.1993, lr=0.002
23:39:54,896 root INFO [Epoch 9, Batch=199] Train: loss=0.2960, lr=0.002
23:39:55,358 root INFO [Epoch 9, Batch=299] Train: loss=0.1505, lr=0.002
23:39:55,765 root INFO [Epoch 9, Batch=399] Train: loss=0.3327, lr=0.002
23:39:56,31 root INFO [Epoch 9, Batch=499] Train: loss=0.0339, lr=0.002
23:39:56,273 root INFO [Epoch 9, Batch=599] Train: loss=0.1151, lr=0.002
23:39:56,939 root INFO [Epoch 9, Batch=699] Train: loss=0.2247, lr=0.002
23:39:57,194 root INFO [Epoch 9, Batch=799] Train: loss=0.0713, lr=0.002
23:39:57,523 root INFO Start to validate epoch 9
23:39:58,223 root INFO Start to test epoch 9
23:39:59,951 root INFO Epoch 09, lr=0.002 | Train: acc=0.7547 | Val: acc=0.5919 | Test: acc=0.5732 | Time: this epoch 6.75s, elapsed 1139.93s
23:40:00,187 root INFO Start to train epoch 10
23:40:01,156 root INFO [Epoch 10, Batch=99] Train: loss=0.1968, lr=0.002
23:40:01,721 root INFO [Epoch 10, Batch=199] Train: loss=0.2979, lr=0.002
23:40:02,172 root INFO [Epoch 10, Batch=299] Train: loss=0.1425, lr=0.002
23:40:02,494 root INFO [Epoch 10, Batch=399] Train: loss=0.3254, lr=0.002
23:40:02,814 root INFO [Epoch 10, Batch=499] Train: loss=0.0312, lr=0.002
23:40:03,204 root INFO [Epoch 10, Batch=599] Train: loss=0.1103, lr=0.002
23:40:03,640 root INFO [Epoch 10, Batch=699] Train: loss=0.2205, lr=0.002
23:40:03,841 root INFO [Epoch 10, Batch=799] Train: loss=0.0687, lr=0.002
23:40:03,994 root INFO Start to validate epoch 10
23:40:04,653 root INFO Start to test epoch 10
23:40:05,770 root INFO Epoch 10, lr=0.002 | Train: acc=0.7628 | Val: acc=0.5942 | Test: acc=0.5748 | Time: this epoch 5.58s, elapsed 1145.75s
23:40:05,771 root INFO Start to train epoch 11
23:40:06,628 root INFO [Epoch 11, Batch=99] Train: loss=0.1942, lr=0.002
23:40:07,109 root INFO [Epoch 11, Batch=199] Train: loss=0.3002, lr=0.002
23:40:07,491 root INFO [Epoch 11, Batch=299] Train: loss=0.1356, lr=0.002
23:40:07,810 root INFO [Epoch 11, Batch=399] Train: loss=0.3192, lr=0.002
23:40:08,61 root INFO [Epoch 11, Batch=499] Train: loss=0.0286, lr=0.002
23:40:08,290 root INFO [Epoch 11, Batch=599] Train: loss=0.1058, lr=0.002
23:40:08,501 root INFO [Epoch 11, Batch=699] Train: loss=0.2170, lr=0.002
23:40:08,699 root INFO [Epoch 11, Batch=799] Train: loss=0.0659, lr=0.002
23:40:08,853 root INFO Start to validate epoch 11
23:40:09,521 root INFO Start to test epoch 11
23:40:10,613 root INFO Epoch 11, lr=0.002 | Train: acc=0.7678 | Val: acc=0.5953 | Test: acc=0.5772 | Time: this epoch 4.84s, elapsed 1150.59s
23:40:10,613 root INFO Start to train epoch 12
23:40:11,486 root INFO [Epoch 12, Batch=99] Train: loss=0.1912, lr=0.002
23:40:12,49 root INFO [Epoch 12, Batch=199] Train: loss=0.3017, lr=0.002
23:40:12,428 root INFO [Epoch 12, Batch=299] Train: loss=0.1294, lr=0.002
23:40:12,734 root INFO [Epoch 12, Batch=399] Train: loss=0.3135, lr=0.002
23:40:12,995 root INFO [Epoch 12, Batch=499] Train: loss=0.0266, lr=0.002
23:40:13,243 root INFO [Epoch 12, Batch=599] Train: loss=0.1017, lr=0.002
23:40:13,449 root INFO [Epoch 12, Batch=699] Train: loss=0.2138, lr=0.002
23:40:13,649 root INFO [Epoch 12, Batch=799] Train: loss=0.0634, lr=0.002
23:40:13,804 root INFO Start to validate epoch 12
23:40:14,480 root INFO Start to test epoch 12
23:40:18,470 root INFO Epoch 12, lr=0.002 | Train: acc=0.7721 | Val: acc=0.5977 | Test: acc=0.5788 | Time: this epoch 7.86s, elapsed 1158.45s
23:40:18,485 root INFO Start to train epoch 13
23:40:23,167 root INFO [Epoch 13, Batch=99] Train: loss=0.1883, lr=0.002
23:40:25,352 root INFO [Epoch 13, Batch=199] Train: loss=0.3024, lr=0.002
23:40:27,724 root INFO [Epoch 13, Batch=299] Train: loss=0.1237, lr=0.002
23:40:29,340 root INFO [Epoch 13, Batch=399] Train: loss=0.3073, lr=0.002
23:40:30,697 root INFO [Epoch 13, Batch=499] Train: loss=0.0248, lr=0.002
23:40:31,854 root INFO [Epoch 13, Batch=599] Train: loss=0.0976, lr=0.002
23:40:32,607 root INFO [Epoch 13, Batch=699] Train: loss=0.2108, lr=0.002
23:40:33,278 root INFO [Epoch 13, Batch=799] Train: loss=0.0609, lr=0.002
23:40:33,764 root INFO Start to validate epoch 13
23:40:36,464 root INFO Start to test epoch 13
23:40:38,260 root INFO Epoch 13, lr=0.002 | Train: acc=0.7747 | Val: acc=0.5988 | Test: acc=0.5812 | Time: this epoch 19.78s, elapsed 1178.24s
23:40:38,261 root INFO Start to train epoch 14
23:40:39,127 root INFO [Epoch 14, Batch=99] Train: loss=0.1855, lr=0.002
23:40:39,623 root INFO [Epoch 14, Batch=199] Train: loss=0.3028, lr=0.002
23:40:40,27 root INFO [Epoch 14, Batch=299] Train: loss=0.1188, lr=0.002
23:40:40,350 root INFO [Epoch 14, Batch=399] Train: loss=0.3007, lr=0.002
23:40:40,640 root INFO [Epoch 14, Batch=499] Train: loss=0.0232, lr=0.002
23:40:40,882 root INFO [Epoch 14, Batch=599] Train: loss=0.0934, lr=0.002
23:40:41,109 root INFO [Epoch 14, Batch=699] Train: loss=0.2082, lr=0.002
23:40:41,314 root INFO [Epoch 14, Batch=799] Train: loss=0.0579, lr=0.002
23:40:41,469 root INFO Start to validate epoch 14
23:40:42,133 root INFO Start to test epoch 14
23:40:43,231 root INFO Epoch 14, lr=0.002 | Train: acc=0.7794 | Val: acc=0.5977 | Test: acc=0.5780 | Time: this epoch 4.97s, elapsed 1183.21s
23:40:43,232 root INFO Start to train epoch 15
23:40:44,94 root INFO [Epoch 15, Batch=99] Train: loss=0.1827, lr=0.002
23:40:44,600 root INFO [Epoch 15, Batch=199] Train: loss=0.3033, lr=0.002
23:40:44,991 root INFO [Epoch 15, Batch=299] Train: loss=0.1142, lr=0.002
23:40:45,354 root INFO [Epoch 15, Batch=399] Train: loss=0.2946, lr=0.002
23:40:45,753 root INFO [Epoch 15, Batch=499] Train: loss=0.0218, lr=0.002
23:40:46,89 root INFO [Epoch 15, Batch=599] Train: loss=0.0892, lr=0.002
23:40:46,546 root INFO [Epoch 15, Batch=699] Train: loss=0.2061, lr=0.002
23:40:47,122 root INFO [Epoch 15, Batch=799] Train: loss=0.0551, lr=0.002
23:40:47,386 root INFO Start to validate epoch 15
23:40:48,987 root INFO Start to test epoch 15
23:40:51,411 root INFO Epoch 15, lr=0.002 | Train: acc=0.7841 | Val: acc=0.5977 | Test: acc=0.5748 | Time: this epoch 8.18s, elapsed 1191.39s
23:40:51,411 root INFO Start to train epoch 16
23:40:52,566 root INFO [Epoch 16, Batch=99] Train: loss=0.1798, lr=0.002
23:40:53,463 root INFO [Epoch 16, Batch=199] Train: loss=0.3037, lr=0.002
23:40:53,997 root INFO [Epoch 16, Batch=299] Train: loss=0.1099, lr=0.002
23:40:54,420 root INFO [Epoch 16, Batch=399] Train: loss=0.2885, lr=0.002
23:40:54,693 root INFO [Epoch 16, Batch=499] Train: loss=0.0205, lr=0.002
23:40:54,935 root INFO [Epoch 16, Batch=599] Train: loss=0.0853, lr=0.002
23:40:55,150 root INFO [Epoch 16, Batch=699] Train: loss=0.2045, lr=0.002
23:40:55,357 root INFO [Epoch 16, Batch=799] Train: loss=0.0526, lr=0.002
23:40:55,513 root INFO Start to validate epoch 16
23:40:56,240 root INFO Start to test epoch 16
23:40:57,369 root INFO Epoch 16, lr=0.002 | Train: acc=0.7884 | Val: acc=0.5977 | Test: acc=0.5764 | Time: this epoch 5.96s, elapsed 1197.35s
23:40:57,369 root INFO Start to train epoch 17
23:40:58,231 root INFO [Epoch 17, Batch=99] Train: loss=0.1769, lr=0.002
23:40:58,733 root INFO [Epoch 17, Batch=199] Train: loss=0.3039, lr=0.002
23:40:59,136 root INFO [Epoch 17, Batch=299] Train: loss=0.1057, lr=0.002
23:40:59,441 root INFO [Epoch 17, Batch=399] Train: loss=0.2817, lr=0.002
23:40:59,717 root INFO [Epoch 17, Batch=499] Train: loss=0.0192, lr=0.002
23:40:59,956 root INFO [Epoch 17, Batch=599] Train: loss=0.0815, lr=0.002
23:41:00,194 root INFO [Epoch 17, Batch=699] Train: loss=0.2032, lr=0.002
23:41:00,395 root INFO [Epoch 17, Batch=799] Train: loss=0.0504, lr=0.002
23:41:00,552 root INFO Start to validate epoch 17
23:41:01,230 root INFO Start to test epoch 17
23:41:02,383 root INFO Epoch 17, lr=0.002 | Train: acc=0.7922 | Val: acc=0.5988 | Test: acc=0.5780 | Time: this epoch 5.01s, elapsed 1202.36s
23:41:02,384 root INFO Start to train epoch 18
23:41:03,240 root INFO [Epoch 18, Batch=99] Train: loss=0.1739, lr=0.002
23:41:03,736 root INFO [Epoch 18, Batch=199] Train: loss=0.3043, lr=0.002
23:41:04,120 root INFO [Epoch 18, Batch=299] Train: loss=0.1017, lr=0.002
23:41:04,426 root INFO [Epoch 18, Batch=399] Train: loss=0.2747, lr=0.002
23:41:04,701 root INFO [Epoch 18, Batch=499] Train: loss=0.0180, lr=0.002
23:41:04,971 root INFO [Epoch 18, Batch=599] Train: loss=0.0779, lr=0.002
23:41:05,190 root INFO [Epoch 18, Batch=699] Train: loss=0.2022, lr=0.002
23:41:05,421 root INFO [Epoch 18, Batch=799] Train: loss=0.0485, lr=0.002
23:41:05,579 root INFO Start to validate epoch 18
23:41:06,261 root INFO Start to test epoch 18
23:41:07,430 root INFO Epoch 18, lr=0.002 | Train: acc=0.7957 | Val: acc=0.6000 | Test: acc=0.5772 | Time: this epoch 5.05s, elapsed 1207.41s
23:41:07,430 root INFO Start to train epoch 19
23:41:08,291 root INFO [Epoch 19, Batch=99] Train: loss=0.1711, lr=0.002
23:41:08,794 root INFO [Epoch 19, Batch=199] Train: loss=0.3045, lr=0.002
23:41:09,189 root INFO [Epoch 19, Batch=299] Train: loss=0.0975, lr=0.002
23:41:09,503 root INFO [Epoch 19, Batch=399] Train: loss=0.2684, lr=0.002
23:41:09,774 root INFO [Epoch 19, Batch=499] Train: loss=0.0169, lr=0.002
23:41:10,26 root INFO [Epoch 19, Batch=599] Train: loss=0.0741, lr=0.002
23:41:10,236 root INFO [Epoch 19, Batch=699] Train: loss=0.2014, lr=0.002
23:41:10,437 root INFO [Epoch 19, Batch=799] Train: loss=0.0467, lr=0.002
23:41:10,608 root INFO Start to validate epoch 19
23:41:11,294 root INFO Start to test epoch 19
23:41:12,382 root INFO Epoch 19, lr=0.002 | Train: acc=0.7986 | Val: acc=0.5977 | Test: acc=0.5780 | Time: this epoch 4.95s, elapsed 1212.36s
23:41:12,383 root INFO Best test acc=0.5852090120315552
23:41:12,383 root INFO five fold acc: 0.6436053514480591
